#
# There is insufficient memory for the Java Runtime Environment to continue.
# Native memory allocation (mmap) failed to map 482344960 bytes for G1 virtual space
# Possible reasons:
#   The system is out of physical RAM or swap space
#   The process is running with CompressedOops enabled, and the Java Heap may be blocking the growth of the native heap
# Possible solutions:
#   Reduce memory load on the system
#   Increase physical memory or swap space
#   Check if swap backing store is full
#   Decrease Java heap size (-Xmx/-Xms)
#   Decrease number of Java threads
#   Decrease Java thread stack sizes (-Xss)
#   Set larger code cache with -XX:ReservedCodeCacheSize=
#   JVM is running with Zero Based Compressed Oops mode in which the Java heap is
#     placed in the first 32GB address space. The Java Heap base address is the
#     maximum limit for the native heap growth. Please use -XX:HeapBaseMinAddress
#     to set the Java Heap base and to place the Java Heap above 32GB virtual address.
# This output file may be truncated or incomplete.
#
#  Out of Memory Error (os_windows.cpp:3532), pid=18132, tid=6972
#
# JRE version: OpenJDK Runtime Environment (17.0.2+8) (build 17.0.2+8-86)
# Java VM: OpenJDK 64-Bit Server VM (17.0.2+8-86, mixed mode, sharing, tiered, compressed oops, compressed class ptrs, g1 gc, windows-amd64)
# No core dump will be written. Minidumps are not enabled by default on client versions of Windows
#

---------------  S U M M A R Y ------------

Command Line: --add-opens=java.base/java.util=ALL-UNNAMED --add-opens=java.base/java.lang=ALL-UNNAMED --add-opens=java.base/java.lang.invoke=ALL-UNNAMED --add-opens=java.prefs/java.util.prefs=ALL-UNNAMED --add-opens=java.base/java.nio.charset=ALL-UNNAMED --add-opens=java.base/java.net=ALL-UNNAMED --add-opens=java.base/java.util.concurrent.atomic=ALL-UNNAMED -Xmx4536m -Dfile.encoding=windows-1252 -Duser.country=US -Duser.language=en -Duser.variant -javaagent:C:\Users\Flute\.gradle\wrapper\dists\gradle-8.2-bin\bbg7u40eoinfdyxsxr3z4i7ta\gradle-8.2\lib\agents\gradle-instrumentation-agent-8.2.jar org.gradle.launcher.daemon.bootstrap.GradleDaemon 8.2

Host: 13th Gen Intel(R) Core(TM) i5-1335U, 12 cores, 15G,  Windows 11 , 64 bit Build 22621 (10.0.22621.3958)
Time: Sun Apr 13 07:20:01 2025 Eastern Daylight Time elapsed time: 47.690885 seconds (0d 0h 0m 47s)

---------------  T H R E A D  ---------------

Current thread (0x0000022bc47e9540):  VMThread "VM Thread" [stack: 0x000000a2ce900000,0x000000a2cea00000] [id=6972]

Stack: [0x000000a2ce900000,0x000000a2cea00000]
Native frames: (J=compiled Java code, j=interpreted, Vv=VM code, C=native code)
V  [jvm.dll+0x670baa]
V  [jvm.dll+0x7cfcb4]
V  [jvm.dll+0x7d145e]
V  [jvm.dll+0x7d1ac3]
V  [jvm.dll+0x242bc5]
V  [jvm.dll+0x66dac9]
V  [jvm.dll+0x662412]
V  [jvm.dll+0x300c0b]
V  [jvm.dll+0x3081a6]
V  [jvm.dll+0x357d0e]
V  [jvm.dll+0x357f3f]
V  [jvm.dll+0x2d7ec8]
V  [jvm.dll+0x2d6194]
V  [jvm.dll+0x2d579c]
V  [jvm.dll+0x3190eb]
V  [jvm.dll+0x7d5f9b]
V  [jvm.dll+0x7d6cd4]
V  [jvm.dll+0x7d71ec]
V  [jvm.dll+0x7d75c4]
V  [jvm.dll+0x7d7690]
V  [jvm.dll+0x77ff7a]
V  [jvm.dll+0x66fa35]
C  [ucrtbase.dll+0x29333]
C  [KERNEL32.DLL+0x1257d]
C  [ntdll.dll+0x5af08]

VM_Operation (0x000000a2d66fd750): G1CollectForAllocation, mode: safepoint, requested by thread 0x0000022bcab427f0


---------------  P R O C E S S  ---------------

Threads class SMR info:
_java_thread_list=0x0000022bc7251a40, length=212, elements={
0x0000022ba05f97f0, 0x0000022bc47eebf0, 0x0000022bc47efa60, 0x0000022bc4804fe0,
0x0000022bc4806ab0, 0x0000022bc4809670, 0x0000022bc480e140, 0x0000022bc4810ee0,
0x0000022bc48142c0, 0x0000022bc481f600, 0x0000022bc5499200, 0x0000022bc55556c0,
0x0000022bc79be9e0, 0x0000022bc661bac0, 0x0000022bc7668db0, 0x0000022bc6bdb540,
0x0000022bc68a44c0, 0x0000022bc71605e0, 0x0000022bc70a7160, 0x0000022bc76b3a60,
0x0000022bc76b48d0, 0x0000022bc76b30c0, 0x0000022bc76b2720, 0x0000022bc76b4da0,
0x0000022bc76b3590, 0x0000022bc76b5270, 0x0000022bc76b4400, 0x0000022bc76b18b0,
0x0000022bc76b3f30, 0x0000022bc76b1d80, 0x0000022bc76b2250, 0x0000022bc76b2bf0,
0x0000022bc8d2f700, 0x0000022bc8d2ed60, 0x0000022bc8d2e3c0, 0x0000022bc8d2f230,
0x0000022bc8d2da20, 0x0000022bc8d300a0, 0x0000022bc8d2e890, 0x0000022bc8d30570,
0x0000022bc8d32720, 0x0000022bc8d30f10, 0x0000022bc8d33a60, 0x0000022bc8d313e0,
0x0000022bc8d318b0, 0x0000022bc8d31d80, 0x0000022bc8d34400, 0x0000022bc8d32250,
0x0000022bc8d32bf0, 0x0000022bc8d330c0, 0x0000022bc8d33590, 0x0000022bc8d33f30,
0x0000022bc8d348d0, 0x0000022bc8d2d080, 0x0000022bc8d2d550, 0x0000022bc797c800,
0x0000022bc797fcf0, 0x0000022bc797ee80, 0x0000022bc797c330, 0x0000022bc797f350,
0x0000022bc797a650, 0x0000022bc797a180, 0x0000022bc7980690, 0x0000022bc7981500,
0x0000022bc7979cb0, 0x0000022bc797ab20, 0x0000022bc797b4c0, 0x0000022bc797aff0,
0x0000022bc797d1a0, 0x0000022bc797d670, 0x0000022bc797db40, 0x0000022bc797e010,
0x0000022bc797e4e0, 0x0000022bc797e9b0, 0x0000022bcecd0140, 0x0000022bcecd3630,
0x0000022bcecd1480, 0x0000022bcecd0fb0, 0x0000022bcecd22f0, 0x0000022bcecd27c0,
0x0000022bcecd0ae0, 0x0000022bcecd0610, 0x0000022bcecd1950, 0x0000022bcecd1e20,
0x0000022bcecd2c90, 0x0000022bcecd3160, 0x0000022bcecd3b00, 0x0000022bcab47e90,
0x0000022bcab43b30, 0x0000022bcab48360, 0x0000022bcab46680, 0x0000022bcab46b50,
0x0000022bcab45810, 0x0000022bcab44000, 0x0000022bcab479c0, 0x0000022bcab461b0,
0x0000022bcab48830, 0x0000022bcab444d0, 0x0000022bcab40fe0, 0x0000022bcab449a0,
0x0000022bcab44e70, 0x0000022bcab41980, 0x0000022bcab45340, 0x0000022bcab41e50,
0x0000022bcab42320, 0x0000022bcab427f0, 0x0000022bcab47020, 0x0000022bcab43660,
0x0000022bcab474f0, 0x0000022bcc9ce870, 0x0000022bcc9cd530, 0x0000022bcc9d0550,
0x0000022bcc9d3f10, 0x0000022bcc9ce3a0, 0x0000022bcc9cda00, 0x0000022bcc9d0a20,
0x0000022bcc9d0080, 0x0000022bcc9d1890, 0x0000022bcc9d0ef0, 0x0000022bcc9d13c0,
0x0000022bcc9d2700, 0x0000022bcc9cf6e0, 0x0000022bcc9d48b0, 0x0000022bcc9d2230,
0x0000022bcc9ced40, 0x0000022bcc9cf210, 0x0000022bcc9cfbb0, 0x0000022bcc9d30a0,
0x0000022bcc9d1d60, 0x0000022bcc9d2bd0, 0x0000022bcc9d3570, 0x0000022bcc9d3a40,
0x0000022bcc9d43e0, 0x0000022bcc9cd060, 0x0000022bcf7f27f0, 0x0000022bcf7f2cc0,
0x0000022bcf7f1e50, 0x0000022bcf7ef7d0, 0x0000022bcf7ef300, 0x0000022bcf7f0fe0,
0x0000022bcf7efca0, 0x0000022bcf7f0170, 0x0000022bcf7f0640, 0x0000022bcf7f0b10,
0x0000022bcf7f2320, 0x0000022bcab43190, 0x0000022bcf420df0, 0x0000022bcf4212c0,
0x0000022bcf423470, 0x0000022bcf425620, 0x0000022bcf422130, 0x0000022bcf425af0,
0x0000022bc7981030, 0x0000022bcf420920, 0x0000022bcf425fc0, 0x0000022bcf423940,
0x0000022bcf421790, 0x0000022bcf41f5e0, 0x0000022bcf426490, 0x0000022bcf423e10,
0x0000022bcf4247b0, 0x0000022bcf426960, 0x0000022bcf426e30, 0x0000022bc92d2780,
0x0000022bcf422fa0, 0x0000022bcf422ad0, 0x0000022bcf7f14b0, 0x0000022bd3409310,
0x0000022bd3406c90, 0x0000022bd3407fd0, 0x0000022bd34097e0, 0x0000022bd3409cb0,
0x0000022bd3404610, 0x0000022bd340a180, 0x0000022bd34067c0, 0x0000022bd340a650,
0x0000022bd34084a0, 0x0000022bd34062f0, 0x0000022bd3408970, 0x0000022bd3407630,
0x0000022bd3404fb0, 0x0000022bd340ab20, 0x0000022bd340aff0, 0x0000022bd3407b00,
0x0000022bd3408e40, 0x0000022bd34037a0, 0x0000022bd3403c70, 0x0000022bd3405480,
0x0000022bd3407160, 0x0000022bd3404140, 0x0000022bd3404ae0, 0x0000022bd3405950,
0x0000022bd3405e20, 0x0000022bdd8affe0, 0x0000022bdd8b17f0, 0x0000022bdd8afb10,
0x0000022bdd8b04b0, 0x0000022bdd8b0980, 0x0000022bdd8abc80, 0x0000022bdd8ab2e0,
0x0000022bdd8aeca0, 0x0000022bdd8acfc0, 0x0000022bdd8a9fa0, 0x0000022bdd8ac150,
0x0000022bdd8af640, 0x0000022bdd8ad490, 0x0000022bdd8aa940, 0x0000022bdd8ade30,
0x0000022bdd8aae10, 0x0000022bdd8b0e50, 0x0000022bdd8b1320, 0x0000022bc92d4af0
}

Java Threads: ( => current thread )
  0x0000022ba05f97f0 JavaThread "main" [_thread_blocked, id=380, stack(0x000000a2ce300000,0x000000a2ce400000)]
  0x0000022bc47eebf0 JavaThread "Reference Handler" daemon [_thread_blocked, id=11208, stack(0x000000a2cea00000,0x000000a2ceb00000)]
  0x0000022bc47efa60 JavaThread "Finalizer" daemon [_thread_blocked, id=13892, stack(0x000000a2ceb00000,0x000000a2cec00000)]
  0x0000022bc4804fe0 JavaThread "Signal Dispatcher" daemon [_thread_blocked, id=14760, stack(0x000000a2cec00000,0x000000a2ced00000)]
  0x0000022bc4806ab0 JavaThread "Attach Listener" daemon [_thread_blocked, id=22840, stack(0x000000a2ced00000,0x000000a2cee00000)]
  0x0000022bc4809670 JavaThread "Service Thread" daemon [_thread_blocked, id=23148, stack(0x000000a2cee00000,0x000000a2cef00000)]
  0x0000022bc480e140 JavaThread "Monitor Deflation Thread" daemon [_thread_blocked, id=11912, stack(0x000000a2cef00000,0x000000a2cf000000)]
  0x0000022bc4810ee0 JavaThread "C2 CompilerThread0" daemon [_thread_blocked, id=13328, stack(0x000000a2cf000000,0x000000a2cf100000)]
  0x0000022bc48142c0 JavaThread "C1 CompilerThread0" daemon [_thread_blocked, id=23748, stack(0x000000a2cf100000,0x000000a2cf200000)]
  0x0000022bc481f600 JavaThread "Sweeper thread" daemon [_thread_blocked, id=24748, stack(0x000000a2cf200000,0x000000a2cf300000)]
  0x0000022bc5499200 JavaThread "Common-Cleaner" daemon [_thread_blocked, id=21876, stack(0x000000a2cf300000,0x000000a2cf400000)]
  0x0000022bc55556c0 JavaThread "Notification Thread" daemon [_thread_blocked, id=23340, stack(0x000000a2cf400000,0x000000a2cf500000)]
  0x0000022bc79be9e0 JavaThread "Daemon health stats" [_thread_blocked, id=4504, stack(0x000000a2cfc00000,0x000000a2cfd00000)]
  0x0000022bc661bac0 JavaThread "Incoming local TCP Connector on port 55130" [_thread_in_native, id=6084, stack(0x000000a2cfd00000,0x000000a2cfe00000)]
  0x0000022bc7668db0 JavaThread "Daemon periodic checks" [_thread_blocked, id=19736, stack(0x000000a2cfe00000,0x000000a2cff00000)]
  0x0000022bc6bdb540 JavaThread "Daemon" [_thread_blocked, id=22852, stack(0x000000a2cff00000,0x000000a2d0000000)]
  0x0000022bc68a44c0 JavaThread "Handler for socket connection from /127.0.0.1:55130 to /127.0.0.1:55131" [_thread_in_native, id=15344, stack(0x000000a2d0000000,0x000000a2d0100000)]
  0x0000022bc71605e0 JavaThread "Cancel handler" [_thread_blocked, id=19524, stack(0x000000a2d0100000,0x000000a2d0200000)]
  0x0000022bc70a7160 JavaThread "Daemon worker" [_thread_blocked, id=24192, stack(0x000000a2d0200000,0x000000a2d0300000)]
  0x0000022bc76b3a60 JavaThread "Asynchronous log dispatcher for DefaultDaemonConnection: socket connection from /127.0.0.1:55130 to /127.0.0.1:55131" [_thread_blocked, id=24796, stack(0x000000a2d0300000,0x000000a2d0400000)]
  0x0000022bc76b48d0 JavaThread "Stdin handler" [_thread_blocked, id=22644, stack(0x000000a2d0400000,0x000000a2d0500000)]
  0x0000022bc76b30c0 JavaThread "Daemon client event forwarder" [_thread_blocked, id=22568, stack(0x000000a2d0500000,0x000000a2d0600000)]
  0x0000022bc76b2720 JavaThread "Cache worker for journal cache (C:\Users\Flute\.gradle\caches\journal-1)" [_thread_blocked, id=4292, stack(0x000000a2d0a00000,0x000000a2d0b00000)]
  0x0000022bc76b4da0 JavaThread "File lock request listener" [_thread_in_native, id=17236, stack(0x000000a2d0b00000,0x000000a2d0c00000)]
  0x0000022bc76b3590 JavaThread "Cache worker for file hash cache (C:\Users\Flute\.gradle\caches\8.2\fileHashes)" [_thread_blocked, id=23956, stack(0x000000a2d0c00000,0x000000a2d0d00000)]
  0x0000022bc76b5270 JavaThread "File watcher server" daemon [_thread_in_native, id=24444, stack(0x000000a2d0d00000,0x000000a2d0e00000)]
  0x0000022bc76b4400 JavaThread "File watcher consumer" daemon [_thread_blocked, id=11276, stack(0x000000a2d0e00000,0x000000a2d0f00000)]
  0x0000022bc76b18b0 JavaThread "Cache worker for checksums cache (C:\Users\Flute\Desktop\bitcamp\cosmic-fishing\android\build\.gradle\8.2\checksums)" [_thread_blocked, id=24560, stack(0x000000a2d0f00000,0x000000a2d1000000)]
  0x0000022bc76b3f30 JavaThread "Cache worker for cache directory md-rule (C:\Users\Flute\.gradle\caches\8.2\md-rule)" [_thread_blocked, id=21780, stack(0x000000a2d1000000,0x000000a2d1100000)]
  0x0000022bc76b1d80 JavaThread "Cache worker for file content cache (C:\Users\Flute\.gradle\caches\8.2\fileContent)" [_thread_blocked, id=10052, stack(0x000000a2d1100000,0x000000a2d1200000)]
  0x0000022bc76b2250 JavaThread "Cache worker for file hash cache (C:\Users\Flute\Desktop\bitcamp\cosmic-fishing\android\build\.gradle\8.2\fileHashes)" [_thread_blocked, id=14816, stack(0x000000a2d1400000,0x000000a2d1500000)]
  0x0000022bc76b2bf0 JavaThread "Cache worker for cache directory md-supplier (C:\Users\Flute\.gradle\caches\8.2\md-supplier)" [_thread_blocked, id=24212, stack(0x000000a2d1500000,0x000000a2d1600000)]
  0x0000022bc8d2f700 JavaThread "Cache worker for execution history cache (C:\Users\Flute\.gradle\caches\8.2\executionHistory)" [_thread_blocked, id=24592, stack(0x000000a2d1600000,0x000000a2d1700000)]
  0x0000022bc8d2ed60 JavaThread "jar transforms" [_thread_blocked, id=12300, stack(0x000000a2d1700000,0x000000a2d1800000)]
  0x0000022bc8d2e3c0 JavaThread "jar transforms Thread 2" [_thread_blocked, id=13084, stack(0x000000a2d1800000,0x000000a2d1900000)]
  0x0000022bc8d2f230 JavaThread "jar transforms Thread 3" [_thread_blocked, id=8944, stack(0x000000a2d1900000,0x000000a2d1a00000)]
  0x0000022bc8d2da20 JavaThread "jar transforms Thread 4" [_thread_blocked, id=24116, stack(0x000000a2d1a00000,0x000000a2d1b00000)]
  0x0000022bc8d300a0 JavaThread "Cache worker for dependencies-accessors (C:\Users\Flute\Desktop\bitcamp\cosmic-fishing\android\build\.gradle\8.2\dependencies-accessors)" [_thread_blocked, id=23660, stack(0x000000a2d1b00000,0x000000a2d1c00000)]
  0x0000022bc8d2e890 JavaThread "jar transforms Thread 5" [_thread_blocked, id=11852, stack(0x000000a2d1c00000,0x000000a2d1d00000)]
  0x0000022bc8d30570 JavaThread "Cache worker for Build Output Cleanup Cache (C:\Users\Flute\Desktop\bitcamp\cosmic-fishing\android\build\.gradle\buildOutputCleanup)" [_thread_blocked, id=10520, stack(0x000000a2d1d00000,0x000000a2d1e00000)]
  0x0000022bc8d32720 JavaThread "Unconstrained build operations" [_thread_blocked, id=1120, stack(0x000000a2d1f00000,0x000000a2d2000000)]
  0x0000022bc8d30f10 JavaThread "Unconstrained build operations Thread 2" [_thread_blocked, id=24288, stack(0x000000a2d2000000,0x000000a2d2100000)]
  0x0000022bc8d33a60 JavaThread "Unconstrained build operations Thread 3" [_thread_blocked, id=3200, stack(0x000000a2d2100000,0x000000a2d2200000)]
  0x0000022bc8d313e0 JavaThread "Unconstrained build operations Thread 4" [_thread_blocked, id=24428, stack(0x000000a2d2200000,0x000000a2d2300000)]
  0x0000022bc8d318b0 JavaThread "Unconstrained build operations Thread 5" [_thread_blocked, id=24144, stack(0x000000a2d2300000,0x000000a2d2400000)]
  0x0000022bc8d31d80 JavaThread "Unconstrained build operations Thread 6" [_thread_blocked, id=21632, stack(0x000000a2d2400000,0x000000a2d2500000)]
  0x0000022bc8d34400 JavaThread "Unconstrained build operations Thread 7" [_thread_blocked, id=19788, stack(0x000000a2d2500000,0x000000a2d2600000)]
  0x0000022bc8d32250 JavaThread "Unconstrained build operations Thread 8" [_thread_blocked, id=16244, stack(0x000000a2d2600000,0x000000a2d2700000)]
  0x0000022bc8d32bf0 JavaThread "Unconstrained build operations Thread 9" [_thread_blocked, id=23264, stack(0x000000a2d2700000,0x000000a2d2800000)]
  0x0000022bc8d330c0 JavaThread "Unconstrained build operations Thread 10" [_thread_blocked, id=13208, stack(0x000000a2d2800000,0x000000a2d2900000)]
  0x0000022bc8d33590 JavaThread "Unconstrained build operations Thread 11" [_thread_blocked, id=22976, stack(0x000000a2d2900000,0x000000a2d2a00000)]
  0x0000022bc8d33f30 JavaThread "jar transforms Thread 6" [_thread_blocked, id=20896, stack(0x000000a2d2a00000,0x000000a2d2b00000)]
  0x0000022bc8d348d0 JavaThread "jar transforms Thread 7" [_thread_blocked, id=23752, stack(0x000000a2d2b00000,0x000000a2d2c00000)]
  0x0000022bc8d2d080 JavaThread "jar transforms Thread 8" [_thread_blocked, id=23356, stack(0x000000a2d2c00000,0x000000a2d2d00000)]
  0x0000022bc8d2d550 JavaThread "jar transforms Thread 9" [_thread_blocked, id=24792, stack(0x000000a2d2d00000,0x000000a2d2e00000)]
  0x0000022bc797c800 JavaThread "jar transforms Thread 10" [_thread_blocked, id=9788, stack(0x000000a2d2e00000,0x000000a2d2f00000)]
  0x0000022bc797fcf0 JavaThread "jar transforms Thread 11" [_thread_blocked, id=22120, stack(0x000000a2d2f00000,0x000000a2d3000000)]
  0x0000022bc797ee80 JavaThread "jar transforms Thread 12" [_thread_blocked, id=22756, stack(0x000000a2d3000000,0x000000a2d3100000)]
  0x0000022bc797c330 JavaThread "Memory manager" [_thread_blocked, id=22636, stack(0x000000a2d3600000,0x000000a2d3700000)]
  0x0000022bc797f350 JavaThread "build event listener" [_thread_blocked, id=7976, stack(0x000000a2d3700000,0x000000a2d3800000)]
  0x0000022bc797a650 JavaThread "included builds" [_thread_blocked, id=10972, stack(0x000000a2d3800000,0x000000a2d3900000)]
  0x0000022bc797a180 JavaThread "Execution worker" [_thread_blocked, id=17736, stack(0x000000a2d3900000,0x000000a2d3a00000)]
  0x0000022bc7980690 JavaThread "Execution worker Thread 2" [_thread_blocked, id=3172, stack(0x000000a2d3a00000,0x000000a2d3b00000)]
  0x0000022bc7981500 JavaThread "Execution worker Thread 3" [_thread_blocked, id=10832, stack(0x000000a2d3b00000,0x000000a2d3c00000)]
  0x0000022bc7979cb0 JavaThread "Execution worker Thread 4" [_thread_blocked, id=8908, stack(0x000000a2d3c00000,0x000000a2d3d00000)]
  0x0000022bc797ab20 JavaThread "Execution worker Thread 5" [_thread_blocked, id=14252, stack(0x000000a2d3d00000,0x000000a2d3e00000)]
  0x0000022bc797b4c0 JavaThread "Execution worker Thread 6" [_thread_blocked, id=5188, stack(0x000000a2d3e00000,0x000000a2d3f00000)]
  0x0000022bc797aff0 JavaThread "Execution worker Thread 7" [_thread_blocked, id=21936, stack(0x000000a2d3f00000,0x000000a2d4000000)]
  0x0000022bc797d1a0 JavaThread "Execution worker Thread 8" [_thread_blocked, id=24148, stack(0x000000a2d4000000,0x000000a2d4100000)]
  0x0000022bc797d670 JavaThread "Execution worker Thread 9" [_thread_blocked, id=9264, stack(0x000000a2d4100000,0x000000a2d4200000)]
  0x0000022bc797db40 JavaThread "Execution worker Thread 10" [_thread_blocked, id=22268, stack(0x000000a2d4200000,0x000000a2d4300000)]
  0x0000022bc797e010 JavaThread "Execution worker Thread 11" [_thread_blocked, id=21028, stack(0x000000a2d4300000,0x000000a2d4400000)]
  0x0000022bc797e4e0 JavaThread "Cache worker for execution history cache (C:\Users\Flute\Desktop\bitcamp\cosmic-fishing\android\build\.gradle\8.2\executionHistory)" [_thread_blocked, id=13500, stack(0x000000a2d4400000,0x000000a2d4500000)]
  0x0000022bc797e9b0 JavaThread "Unconstrained build operations Thread 12" [_thread_blocked, id=11896, stack(0x000000a2d4500000,0x000000a2d4600000)]
  0x0000022bcecd0140 JavaThread "Unconstrained build operations Thread 13" [_thread_blocked, id=10360, stack(0x000000a2d4600000,0x000000a2d4700000)]
  0x0000022bcecd3630 JavaThread "Unconstrained build operations Thread 14" [_thread_blocked, id=24064, stack(0x000000a2d4700000,0x000000a2d4800000)]
  0x0000022bcecd1480 JavaThread "Unconstrained build operations Thread 15" [_thread_blocked, id=23768, stack(0x000000a2d4800000,0x000000a2d4900000)]
  0x0000022bcecd0fb0 JavaThread "Unconstrained build operations Thread 16" [_thread_blocked, id=5692, stack(0x000000a2d4900000,0x000000a2d4a00000)]
  0x0000022bcecd22f0 JavaThread "Unconstrained build operations Thread 17" [_thread_blocked, id=15276, stack(0x000000a2d4a00000,0x000000a2d4b00000)]
  0x0000022bcecd27c0 JavaThread "Unconstrained build operations Thread 18" [_thread_blocked, id=13020, stack(0x000000a2d4b00000,0x000000a2d4c00000)]
  0x0000022bcecd0ae0 JavaThread "Unconstrained build operations Thread 19" [_thread_blocked, id=23988, stack(0x000000a2d4c00000,0x000000a2d4d00000)]
  0x0000022bcecd0610 JavaThread "Unconstrained build operations Thread 20" [_thread_blocked, id=20752, stack(0x000000a2d4d00000,0x000000a2d4e00000)]
  0x0000022bcecd1950 JavaThread "Unconstrained build operations Thread 21" [_thread_blocked, id=14768, stack(0x000000a2d4e00000,0x000000a2d4f00000)]
  0x0000022bcecd1e20 JavaThread "Unconstrained build operations Thread 22" [_thread_blocked, id=13188, stack(0x000000a2d4f00000,0x000000a2d5000000)]
  0x0000022bcecd2c90 JavaThread "WorkerExecutor Queue" [_thread_blocked, id=3812, stack(0x000000a2d5000000,0x000000a2d5100000)]
  0x0000022bcecd3160 JavaThread "Unconstrained build operations Thread 23" [_thread_blocked, id=23128, stack(0x000000a2d5100000,0x000000a2d5200000)]
  0x0000022bcecd3b00 JavaThread "Unconstrained build operations Thread 24" [_thread_blocked, id=15776, stack(0x000000a2d5200000,0x000000a2d5300000)]
  0x0000022bcab47e90 JavaThread "Unconstrained build operations Thread 25" [_thread_blocked, id=10548, stack(0x000000a2d5300000,0x000000a2d5400000)]
  0x0000022bcab43b30 JavaThread "Unconstrained build operations Thread 26" [_thread_blocked, id=22092, stack(0x000000a2d5400000,0x000000a2d5500000)]
  0x0000022bcab48360 JavaThread "Unconstrained build operations Thread 27" [_thread_blocked, id=21320, stack(0x000000a2d5500000,0x000000a2d5600000)]
  0x0000022bcab46680 JavaThread "Unconstrained build operations Thread 28" [_thread_blocked, id=2948, stack(0x000000a2d5600000,0x000000a2d5700000)]
  0x0000022bcab46b50 JavaThread "Unconstrained build operations Thread 29" [_thread_blocked, id=22392, stack(0x000000a2d5700000,0x000000a2d5800000)]
  0x0000022bcab45810 JavaThread "Unconstrained build operations Thread 30" [_thread_blocked, id=23428, stack(0x000000a2d5800000,0x000000a2d5900000)]
  0x0000022bcab44000 JavaThread "Unconstrained build operations Thread 31" [_thread_blocked, id=5576, stack(0x000000a2d5900000,0x000000a2d5a00000)]
  0x0000022bcab479c0 JavaThread "Unconstrained build operations Thread 32" [_thread_blocked, id=20064, stack(0x000000a2d5a00000,0x000000a2d5b00000)]
  0x0000022bcab461b0 JavaThread "Unconstrained build operations Thread 33" [_thread_blocked, id=22704, stack(0x000000a2d5b00000,0x000000a2d5c00000)]
  0x0000022bcab48830 JavaThread "WorkerExecutor Queue Thread 2" [_thread_blocked, id=7964, stack(0x000000a2d5c00000,0x000000a2d5d00000)]
  0x0000022bcab444d0 JavaThread "WorkerExecutor Queue Thread 3" [_thread_blocked, id=14752, stack(0x000000a2d5d00000,0x000000a2d5e00000)]
  0x0000022bcab40fe0 JavaThread "WorkerExecutor Queue Thread 5" [_thread_blocked, id=18308, stack(0x000000a2d5f00000,0x000000a2d6000000)]
  0x0000022bcab449a0 JavaThread "WorkerExecutor Queue Thread 6" [_thread_blocked, id=1456, stack(0x000000a2d6000000,0x000000a2d6100000)]
  0x0000022bcab44e70 JavaThread "WorkerExecutor Queue Thread 7" [_thread_blocked, id=22048, stack(0x000000a2d6100000,0x000000a2d6200000)]
  0x0000022bcab41980 JavaThread "WorkerExecutor Queue Thread 8" [_thread_blocked, id=9536, stack(0x000000a2d6200000,0x000000a2d6300000)]
  0x0000022bcab45340 JavaThread "WorkerExecutor Queue Thread 9" [_thread_blocked, id=13136, stack(0x000000a2d6300000,0x000000a2d6400000)]
  0x0000022bcab41e50 JavaThread "WorkerExecutor Queue Thread 10" [_thread_blocked, id=24396, stack(0x000000a2d6400000,0x000000a2d6500000)]
  0x0000022bcab42320 JavaThread "WorkerExecutor Queue Thread 11" [_thread_blocked, id=1256, stack(0x000000a2d6500000,0x000000a2d6600000)]
  0x0000022bcab427f0 JavaThread "WorkerExecutor Queue Thread 12" [_thread_blocked, id=9504, stack(0x000000a2d6600000,0x000000a2d6700000)]
  0x0000022bcab47020 JavaThread "Unconstrained build operations Thread 34" [_thread_blocked, id=7260, stack(0x000000a2d6700000,0x000000a2d6800000)]
  0x0000022bcab43660 JavaThread "Unconstrained build operations Thread 35" [_thread_blocked, id=15584, stack(0x000000a2d6800000,0x000000a2d6900000)]
  0x0000022bcab474f0 JavaThread "Unconstrained build operations Thread 36" [_thread_blocked, id=17744, stack(0x000000a2d6900000,0x000000a2d6a00000)]
  0x0000022bcc9ce870 JavaThread "Unconstrained build operations Thread 37" [_thread_blocked, id=16876, stack(0x000000a2d6a00000,0x000000a2d6b00000)]
  0x0000022bcc9cd530 JavaThread "Unconstrained build operations Thread 38" [_thread_blocked, id=5660, stack(0x000000a2d6b00000,0x000000a2d6c00000)]
  0x0000022bcc9d0550 JavaThread "Unconstrained build operations Thread 39" [_thread_blocked, id=21484, stack(0x000000a2d6c00000,0x000000a2d6d00000)]
  0x0000022bcc9d3f10 JavaThread "Unconstrained build operations Thread 40" [_thread_blocked, id=16444, stack(0x000000a2d6d00000,0x000000a2d6e00000)]
  0x0000022bcc9ce3a0 JavaThread "Unconstrained build operations Thread 41" [_thread_blocked, id=23976, stack(0x000000a2d6e00000,0x000000a2d6f00000)]
  0x0000022bcc9cda00 JavaThread "Unconstrained build operations Thread 42" [_thread_blocked, id=21000, stack(0x000000a2d6f00000,0x000000a2d7000000)]
  0x0000022bcc9d0a20 JavaThread "Unconstrained build operations Thread 43" [_thread_blocked, id=25352, stack(0x000000a2d7000000,0x000000a2d7100000)]
  0x0000022bcc9d0080 JavaThread "Unconstrained build operations Thread 44" [_thread_blocked, id=16448, stack(0x000000a2d7100000,0x000000a2d7200000)]
  0x0000022bcc9d1890 JavaThread "Unconstrained build operations Thread 45" [_thread_blocked, id=14900, stack(0x000000a2d7200000,0x000000a2d7300000)]
  0x0000022bcc9d0ef0 JavaThread "Unconstrained build operations Thread 46" [_thread_blocked, id=12120, stack(0x000000a2cf600000,0x000000a2cf700000)]
  0x0000022bcc9d13c0 JavaThread "Unconstrained build operations Thread 47" [_thread_blocked, id=24660, stack(0x000000a2d7300000,0x000000a2d7400000)]
  0x0000022bcc9d2700 JavaThread "Unconstrained build operations Thread 48" [_thread_blocked, id=8964, stack(0x000000a2d7400000,0x000000a2d7500000)]
  0x0000022bcc9cf6e0 JavaThread "Unconstrained build operations Thread 49" [_thread_blocked, id=5512, stack(0x000000a2d7500000,0x000000a2d7600000)]
  0x0000022bcc9d48b0 JavaThread "Unconstrained build operations Thread 50" [_thread_blocked, id=3176, stack(0x000000a2d7600000,0x000000a2d7700000)]
  0x0000022bcc9d2230 JavaThread "Unconstrained build operations Thread 51" [_thread_blocked, id=19812, stack(0x000000a2d7700000,0x000000a2d7800000)]
  0x0000022bcc9ced40 JavaThread "Unconstrained build operations Thread 52" [_thread_blocked, id=5008, stack(0x000000a2d7800000,0x000000a2d7900000)]
  0x0000022bcc9cf210 JavaThread "Unconstrained build operations Thread 53" [_thread_blocked, id=496, stack(0x000000a2d7900000,0x000000a2d7a00000)]
  0x0000022bcc9cfbb0 JavaThread "Unconstrained build operations Thread 54" [_thread_blocked, id=19936, stack(0x000000a2d7a00000,0x000000a2d7b00000)]
  0x0000022bcc9d30a0 JavaThread "Unconstrained build operations Thread 55" [_thread_blocked, id=22412, stack(0x000000a2d7b00000,0x000000a2d7c00000)]
  0x0000022bcc9d1d60 JavaThread "Unconstrained build operations Thread 56" [_thread_blocked, id=22708, stack(0x000000a2d7c00000,0x000000a2d7d00000)]
  0x0000022bcc9d2bd0 JavaThread "WorkerExecutor Queue Thread 13" [_thread_blocked, id=4788, stack(0x000000a2d7e00000,0x000000a2d7f00000)]
  0x0000022bcc9d3570 JavaThread "Unconstrained build operations Thread 57" [_thread_blocked, id=17180, stack(0x000000a2d7f00000,0x000000a2d8000000)]
  0x0000022bcc9d3a40 JavaThread "Unconstrained build operations Thread 58" [_thread_blocked, id=15368, stack(0x000000a2d8000000,0x000000a2d8100000)]
  0x0000022bcc9d43e0 JavaThread "Unconstrained build operations Thread 59" [_thread_blocked, id=19612, stack(0x000000a2d8100000,0x000000a2d8200000)]
  0x0000022bcc9cd060 JavaThread "Unconstrained build operations Thread 60" [_thread_blocked, id=16196, stack(0x000000a2d8200000,0x000000a2d8300000)]
  0x0000022bcf7f27f0 JavaThread "Unconstrained build operations Thread 61" [_thread_blocked, id=19468, stack(0x000000a2d8300000,0x000000a2d8400000)]
  0x0000022bcf7f2cc0 JavaThread "Unconstrained build operations Thread 62" [_thread_blocked, id=24088, stack(0x000000a2d8400000,0x000000a2d8500000)]
  0x0000022bcf7f1e50 JavaThread "Unconstrained build operations Thread 63" [_thread_blocked, id=25508, stack(0x000000a2d8500000,0x000000a2d8600000)]
  0x0000022bcf7ef7d0 JavaThread "Unconstrained build operations Thread 64" [_thread_blocked, id=22960, stack(0x000000a2d8600000,0x000000a2d8700000)]
  0x0000022bcf7ef300 JavaThread "Unconstrained build operations Thread 65" [_thread_blocked, id=12248, stack(0x000000a2d8700000,0x000000a2d8800000)]
  0x0000022bcf7f0fe0 JavaThread "Unconstrained build operations Thread 66" [_thread_blocked, id=15448, stack(0x000000a2d8800000,0x000000a2d8900000)]
  0x0000022bcf7efca0 JavaThread "Unconstrained build operations Thread 67" [_thread_blocked, id=2400, stack(0x000000a2d8900000,0x000000a2d8a00000)]
  0x0000022bcf7f0170 JavaThread "Unconstrained build operations Thread 68" [_thread_blocked, id=19424, stack(0x000000a2d7d00000,0x000000a2d7e00000)]
  0x0000022bcf7f0640 JavaThread "Unconstrained build operations Thread 69" [_thread_blocked, id=14420, stack(0x000000a2d8a00000,0x000000a2d8b00000)]
  0x0000022bcf7f0b10 JavaThread "Unconstrained build operations Thread 70" [_thread_blocked, id=13948, stack(0x000000a2d8b00000,0x000000a2d8c00000)]
  0x0000022bcf7f2320 JavaThread "Unconstrained build operations Thread 71" [_thread_blocked, id=24244, stack(0x000000a2d8c00000,0x000000a2d8d00000)]
  0x0000022bcab43190 JavaThread "Unconstrained build operations Thread 72" [_thread_blocked, id=23312, stack(0x000000a2d8d00000,0x000000a2d8e00000)]
  0x0000022bcf420df0 JavaThread "Unconstrained build operations Thread 73" [_thread_blocked, id=9144, stack(0x000000a2d8e00000,0x000000a2d8f00000)]
  0x0000022bcf4212c0 JavaThread "Unconstrained build operations Thread 74" [_thread_blocked, id=9292, stack(0x000000a2d8f00000,0x000000a2d9000000)]
  0x0000022bcf423470 JavaThread "Unconstrained build operations Thread 75" [_thread_blocked, id=6812, stack(0x000000a2d9000000,0x000000a2d9100000)]
  0x0000022bcf425620 JavaThread "Unconstrained build operations Thread 76" [_thread_blocked, id=24676, stack(0x000000a2d9100000,0x000000a2d9200000)]
  0x0000022bcf422130 JavaThread "Unconstrained build operations Thread 77" [_thread_blocked, id=20400, stack(0x000000a2d9200000,0x000000a2d9300000)]
  0x0000022bcf425af0 JavaThread "Unconstrained build operations Thread 78" [_thread_blocked, id=21620, stack(0x000000a2d9300000,0x000000a2d9400000)]
  0x0000022bc7981030 JavaThread "Unconstrained build operations Thread 79" [_thread_blocked, id=24324, stack(0x000000a2d9400000,0x000000a2d9500000)]
  0x0000022bcf420920 JavaThread "Unconstrained build operations Thread 80" [_thread_blocked, id=23500, stack(0x000000a2d9500000,0x000000a2d9600000)]
  0x0000022bcf425fc0 JavaThread "Unconstrained build operations Thread 81" [_thread_blocked, id=7608, stack(0x000000a2d9600000,0x000000a2d9700000)]
  0x0000022bcf423940 JavaThread "Unconstrained build operations Thread 82" [_thread_blocked, id=15508, stack(0x000000a2d9700000,0x000000a2d9800000)]
  0x0000022bcf421790 JavaThread "Unconstrained build operations Thread 83" [_thread_blocked, id=18120, stack(0x000000a2d9800000,0x000000a2d9900000)]
  0x0000022bcf41f5e0 JavaThread "Unconstrained build operations Thread 84" [_thread_blocked, id=18488, stack(0x000000a2d9900000,0x000000a2d9a00000)]
  0x0000022bcf426490 JavaThread "Unconstrained build operations Thread 85" [_thread_blocked, id=18268, stack(0x000000a2d9a00000,0x000000a2d9b00000)]
  0x0000022bcf423e10 JavaThread "Unconstrained build operations Thread 86" [_thread_blocked, id=24436, stack(0x000000a2d9b00000,0x000000a2d9c00000)]
  0x0000022bcf4247b0 JavaThread "Unconstrained build operations Thread 87" [_thread_blocked, id=15028, stack(0x000000a2d9c00000,0x000000a2d9d00000)]
  0x0000022bcf426960 JavaThread "Unconstrained build operations Thread 88" [_thread_blocked, id=18428, stack(0x000000a2d9d00000,0x000000a2d9e00000)]
  0x0000022bcf426e30 JavaThread "Unconstrained build operations Thread 89" [_thread_blocked, id=4884, stack(0x000000a2d9e00000,0x000000a2d9f00000)]
  0x0000022bc92d2780 JavaThread "C2 CompilerThread1" daemon [_thread_blocked, id=17960, stack(0x000000a2da000000,0x000000a2da100000)]
  0x0000022bcf422fa0 JavaThread "Unconstrained build operations Thread 90" [_thread_blocked, id=15620, stack(0x000000a2da200000,0x000000a2da300000)]
  0x0000022bcf422ad0 JavaThread "Unconstrained build operations Thread 91" [_thread_blocked, id=21052, stack(0x000000a2da300000,0x000000a2da400000)]
  0x0000022bcf7f14b0 JavaThread "Unconstrained build operations Thread 92" [_thread_blocked, id=13064, stack(0x000000a2da400000,0x000000a2da500000)]
  0x0000022bd3409310 JavaThread "Unconstrained build operations Thread 93" [_thread_blocked, id=24692, stack(0x000000a2da500000,0x000000a2da600000)]
  0x0000022bd3406c90 JavaThread "Unconstrained build operations Thread 94" [_thread_blocked, id=20300, stack(0x000000a2da600000,0x000000a2da700000)]
  0x0000022bd3407fd0 JavaThread "Unconstrained build operations Thread 95" [_thread_blocked, id=10332, stack(0x000000a2da700000,0x000000a2da800000)]
  0x0000022bd34097e0 JavaThread "Unconstrained build operations Thread 96" [_thread_blocked, id=23704, stack(0x000000a2da800000,0x000000a2da900000)]
  0x0000022bd3409cb0 JavaThread "Unconstrained build operations Thread 97" [_thread_blocked, id=15908, stack(0x000000a2da900000,0x000000a2daa00000)]
  0x0000022bd3404610 JavaThread "Unconstrained build operations Thread 98" [_thread_blocked, id=23580, stack(0x000000a2daa00000,0x000000a2dab00000)]
  0x0000022bd340a180 JavaThread "Unconstrained build operations Thread 99" [_thread_blocked, id=12772, stack(0x000000a2dab00000,0x000000a2dac00000)]
  0x0000022bd34067c0 JavaThread "Unconstrained build operations Thread 100" [_thread_blocked, id=25312, stack(0x000000a2dac00000,0x000000a2dad00000)]
  0x0000022bd340a650 JavaThread "Unconstrained build operations Thread 101" [_thread_blocked, id=21792, stack(0x000000a2dad00000,0x000000a2dae00000)]
  0x0000022bd34084a0 JavaThread "Unconstrained build operations Thread 102" [_thread_blocked, id=25308, stack(0x000000a2dae00000,0x000000a2daf00000)]
  0x0000022bd34062f0 JavaThread "Unconstrained build operations Thread 103" [_thread_blocked, id=6472, stack(0x000000a2daf00000,0x000000a2db000000)]
  0x0000022bd3408970 JavaThread "Unconstrained build operations Thread 104" [_thread_blocked, id=10628, stack(0x000000a2db000000,0x000000a2db100000)]
  0x0000022bd3407630 JavaThread "Unconstrained build operations Thread 105" [_thread_blocked, id=22136, stack(0x000000a2db100000,0x000000a2db200000)]
  0x0000022bd3404fb0 JavaThread "Unconstrained build operations Thread 106" [_thread_blocked, id=6540, stack(0x000000a2db200000,0x000000a2db300000)]
  0x0000022bd340ab20 JavaThread "Unconstrained build operations Thread 107" [_thread_blocked, id=21212, stack(0x000000a2db300000,0x000000a2db400000)]
  0x0000022bd340aff0 JavaThread "Unconstrained build operations Thread 108" [_thread_blocked, id=18356, stack(0x000000a2db400000,0x000000a2db500000)]
  0x0000022bd3407b00 JavaThread "Unconstrained build operations Thread 109" [_thread_blocked, id=24672, stack(0x000000a2db500000,0x000000a2db600000)]
  0x0000022bd3408e40 JavaThread "Unconstrained build operations Thread 110" [_thread_blocked, id=14972, stack(0x000000a2db600000,0x000000a2db700000)]
  0x0000022bd34037a0 JavaThread "Unconstrained build operations Thread 111" [_thread_blocked, id=13780, stack(0x000000a2db700000,0x000000a2db800000)]
  0x0000022bd3403c70 JavaThread "Unconstrained build operations Thread 112" [_thread_blocked, id=3636, stack(0x000000a2db800000,0x000000a2db900000)]
  0x0000022bd3405480 JavaThread "Unconstrained build operations Thread 113" [_thread_blocked, id=19044, stack(0x000000a2db900000,0x000000a2dba00000)]
  0x0000022bd3407160 JavaThread "Unconstrained build operations Thread 114" [_thread_blocked, id=23796, stack(0x000000a2dba00000,0x000000a2dbb00000)]
  0x0000022bd3404140 JavaThread "Unconstrained build operations Thread 115" [_thread_blocked, id=21916, stack(0x000000a2dbb00000,0x000000a2dbc00000)]
  0x0000022bd3404ae0 JavaThread "Unconstrained build operations Thread 116" [_thread_blocked, id=8112, stack(0x000000a2dbc00000,0x000000a2dbd00000)]
  0x0000022bd3405950 JavaThread "Unconstrained build operations Thread 117" [_thread_blocked, id=22592, stack(0x000000a2dbd00000,0x000000a2dbe00000)]
  0x0000022bd3405e20 JavaThread "Unconstrained build operations Thread 118" [_thread_blocked, id=24600, stack(0x000000a2dbe00000,0x000000a2dbf00000)]
  0x0000022bdd8affe0 JavaThread "Unconstrained build operations Thread 119" [_thread_blocked, id=22904, stack(0x000000a2dbf00000,0x000000a2dc000000)]
  0x0000022bdd8b17f0 JavaThread "Unconstrained build operations Thread 120" [_thread_blocked, id=6376, stack(0x000000a2dc000000,0x000000a2dc100000)]
  0x0000022bdd8afb10 JavaThread "pool-3-thread-1" [_thread_blocked, id=8840, stack(0x000000a2dcd00000,0x000000a2dce00000)]
  0x0000022bdd8b04b0 JavaThread "stderr" [_thread_in_native, id=22216, stack(0x000000a2dce00000,0x000000a2dcf00000)]
  0x0000022bdd8b0980 JavaThread "stdout" [_thread_in_native, id=21820, stack(0x000000a2dcf00000,0x000000a2dd000000)]
  0x0000022bdd8abc80 JavaThread "Cache worker for Java compile cache (C:\Users\Flute\.gradle\caches\8.2\javaCompile)" [_thread_blocked, id=21764, stack(0x000000a2dd300000,0x000000a2dd400000)]
  0x0000022bdd8ab2e0 JavaThread "Build operations" [_thread_blocked, id=21540, stack(0x000000a2dc100000,0x000000a2dc200000)]
  0x0000022bdd8aeca0 JavaThread "Build operations Thread 2" [_thread_blocked, id=23328, stack(0x000000a2dc200000,0x000000a2dc300000)]
  0x0000022bdd8acfc0 JavaThread "Build operations Thread 3" [_thread_blocked, id=19684, stack(0x000000a2dc300000,0x000000a2dc400000)]
  0x0000022bdd8a9fa0 JavaThread "Build operations Thread 4" [_thread_blocked, id=10024, stack(0x000000a2dc400000,0x000000a2dc500000)]
  0x0000022bdd8ac150 JavaThread "Build operations Thread 5" [_thread_blocked, id=12436, stack(0x000000a2dc500000,0x000000a2dc600000)]
  0x0000022bdd8af640 JavaThread "Build operations Thread 6" [_thread_blocked, id=23900, stack(0x000000a2dc600000,0x000000a2dc700000)]
  0x0000022bdd8ad490 JavaThread "Build operations Thread 7" [_thread_blocked, id=20648, stack(0x000000a2dc700000,0x000000a2dc800000)]
  0x0000022bdd8aa940 JavaThread "Build operations Thread 8" [_thread_blocked, id=11544, stack(0x000000a2dc800000,0x000000a2dc900000)]
  0x0000022bdd8ade30 JavaThread "Build operations Thread 9" [_thread_blocked, id=14876, stack(0x000000a2dc900000,0x000000a2dca00000)]
  0x0000022bdd8aae10 JavaThread "Build operations Thread 10" [_thread_blocked, id=21308, stack(0x000000a2dca00000,0x000000a2dcb00000)]
  0x0000022bdd8b0e50 JavaThread "Build operations Thread 11" [_thread_blocked, id=25592, stack(0x000000a2dcb00000,0x000000a2dcc00000)]
  0x0000022bdd8b1320 JavaThread "WorkerExecutor Queue Thread 14" [_thread_blocked, id=3360, stack(0x000000a2dcc00000,0x000000a2dcd00000)]
  0x0000022bc92d4af0 JavaThread "C2 CompilerThread2" daemon [_thread_blocked, id=13832, stack(0x000000a2da100000,0x000000a2da200000)]

Other Threads:
=>0x0000022bc47e9540 VMThread "VM Thread" [stack: 0x000000a2ce900000,0x000000a2cea00000] [id=6972]
  0x0000022ba05fa470 WatcherThread [stack: 0x000000a2cf500000,0x000000a2cf600000] [id=12824]
  0x0000022ba0648180 GCTaskThread "GC Thread#0" [stack: 0x000000a2ce400000,0x000000a2ce500000] [id=24092]
  0x0000022bc6186ff0 GCTaskThread "GC Thread#1" [stack: 0x000000a2cf700000,0x000000a2cf800000] [id=21796]
  0x0000022bc61872a0 GCTaskThread "GC Thread#2" [stack: 0x000000a2cf800000,0x000000a2cf900000] [id=23952]
  0x0000022bc61d14c0 GCTaskThread "GC Thread#3" [stack: 0x000000a2cf900000,0x000000a2cfa00000] [id=24764]
  0x0000022bc61d1770 GCTaskThread "GC Thread#4" [stack: 0x000000a2cfa00000,0x000000a2cfb00000] [id=2780]
  0x0000022bc5ef4b00 GCTaskThread "GC Thread#5" [stack: 0x000000a2cfb00000,0x000000a2cfc00000] [id=23652]
  0x0000022bc76a6e80 GCTaskThread "GC Thread#6" [stack: 0x000000a2d0600000,0x000000a2d0700000] [id=25048]
  0x0000022bc7641f40 GCTaskThread "GC Thread#7" [stack: 0x000000a2d0700000,0x000000a2d0800000] [id=17820]
  0x0000022bc7d5f720 GCTaskThread "GC Thread#8" [stack: 0x000000a2d0800000,0x000000a2d0900000] [id=24056]
  0x0000022bc6832cf0 GCTaskThread "GC Thread#9" [stack: 0x000000a2d0900000,0x000000a2d0a00000] [id=21692]
  0x0000022ba0651e80 ConcurrentGCThread "G1 Main Marker" [stack: 0x000000a2ce500000,0x000000a2ce600000] [id=1400]
  0x0000022ba0652890 ConcurrentGCThread "G1 Conc#0" [stack: 0x000000a2ce600000,0x000000a2ce700000] [id=17196]
  0x0000022bc8fd1970 ConcurrentGCThread "G1 Conc#1" [stack: 0x000000a2d1200000,0x000000a2d1300000] [id=12864]
  0x0000022bc8fd1160 ConcurrentGCThread "G1 Conc#2" [stack: 0x000000a2d1300000,0x000000a2d1400000] [id=21912]
  0x0000022ba06abb70 ConcurrentGCThread "G1 Refine#0" [stack: 0x000000a2ce700000,0x000000a2ce800000] [id=24160]
  0x0000022bca290bf0 ConcurrentGCThread "G1 Refine#1" [stack: 0x000000a2d3100000,0x000000a2d3200000] [id=22284]
  0x0000022bc6c53ea0 ConcurrentGCThread "G1 Refine#2" [stack: 0x000000a2d3200000,0x000000a2d3300000] [id=24688]
  0x0000022bc6c521e0 ConcurrentGCThread "G1 Refine#3" [stack: 0x000000a2d3300000,0x000000a2d3400000] [id=10816]
  0x0000022bc6c524c0 ConcurrentGCThread "G1 Refine#4" [stack: 0x000000a2d3400000,0x000000a2d3500000] [id=19156]
  0x0000022bc6c52d60 ConcurrentGCThread "G1 Refine#5" [stack: 0x000000a2d3500000,0x000000a2d3600000] [id=22700]
  0x0000022bc7424f60 ConcurrentGCThread "G1 Refine#6" [stack: 0x000000a2dd000000,0x000000a2dd100000] [id=22996]
  0x0000022bcf978ce0 ConcurrentGCThread "G1 Refine#7" [stack: 0x000000a2dd100000,0x000000a2dd200000] [id=19628]
  0x0000022bca2911b0 ConcurrentGCThread "G1 Refine#8" [stack: 0x000000a2dd200000,0x000000a2dd300000] [id=18740]
  0x0000022ba06ac590 ConcurrentGCThread "G1 Service" [stack: 0x000000a2ce800000,0x000000a2ce900000] [id=6716]

Threads with active compile tasks:
C2 CompilerThread0    47713 22432   !   4       com.android.tools.r8.dex.a::b (3881 bytes)
C2 CompilerThread1    47713 22543 %     4       org.gradle.internal.snapshot.VfsRelativePath::lengthOfCommonPrefix @ 26 (173 bytes)
C2 CompilerThread2    47713 22564   !   4       java.util.concurrent.ConcurrentHashMap::computeIfAbsent (576 bytes)

VM state: at safepoint (normal execution)

VM Mutex/Monitor currently owned by a thread:  ([mutex/lock_event])
[0x0000022ba05f3bf0] Threads_lock - owner thread: 0x0000022bc47e9540
[0x0000022ba05f4b20] Heap_lock - owner thread: 0x0000022bcab427f0

Heap address: 0x00000006e4800000, size: 4536 MB, Compressed Oops mode: Zero based, Oop shift amount: 3

CDS archive(s) mapped at: [0x0000000800000000-0x0000000800bc0000-0x0000000800bc0000), size 12320768, SharedBaseAddress: 0x0000000800000000, ArchiveRelocationMode: 0.
Compressed class space mapped at: 0x0000000800c00000-0x0000000840c00000, reserved size: 1073741824
Narrow klass base: 0x0000000800000000, Narrow klass shift: 0, Narrow klass range: 0x100000000

GC Precious Log:
 CPUs: 12 total, 12 available
 Memory: 16108M
 Large Page Support: Disabled
 NUMA Support: Disabled
 Compressed Oops: Enabled (Zero based)
 Heap Region Size: 4M
 Heap Min Capacity: 8M
 Heap Initial Capacity: 252M
 Heap Max Capacity: 4536M
 Pre-touch: Disabled
 Parallel Workers: 10
 Concurrent Workers: 3
 Concurrent Refinement Workers: 10
 Periodic GC: Disabled

Heap:
 garbage-first heap   total 389120K, used 206713K [0x00000006e4800000, 0x0000000800000000)
  region size 4096K, 3 young (12288K), 3 survivors (12288K)
 Metaspace       used 133967K, committed 134976K, reserved 1171456K
  class space    used 18003K, committed 18496K, reserved 1048576K

Heap Regions: E=young(eden), S=young(survivor), O=old, HS=humongous(starts), HC=humongous(continues), CS=collection set, F=free, OA=open archive, CA=closed archive, TAMS=top-at-mark-start (previous, next)
|   0|0x00000006e4800000, 0x00000006e4c00000, 0x00000006e4c00000|100%|HS|  |TAMS 0x00000006e4c00000, 0x00000006e4800000| Complete 
|   1|0x00000006e4c00000, 0x00000006e5000000, 0x00000006e5000000|100%| O|  |TAMS 0x00000006e5000000, 0x00000006e4c00000| Untracked 
|   2|0x00000006e5000000, 0x00000006e5400000, 0x00000006e5400000|100%| O|  |TAMS 0x00000006e5400000, 0x00000006e5000000| Untracked 
|   3|0x00000006e5400000, 0x00000006e5800000, 0x00000006e5800000|100%| O|  |TAMS 0x00000006e5800000, 0x00000006e5400000| Untracked 
|   4|0x00000006e5800000, 0x00000006e5c00000, 0x00000006e5c00000|100%| O|  |TAMS 0x00000006e5c00000, 0x00000006e5800000| Untracked 
|   5|0x00000006e5c00000, 0x00000006e6000000, 0x00000006e6000000|100%| O|  |TAMS 0x00000006e6000000, 0x00000006e5c00000| Untracked 
|   6|0x00000006e6000000, 0x00000006e6400000, 0x00000006e6400000|100%| O|  |TAMS 0x00000006e6400000, 0x00000006e6000000| Untracked 
|   7|0x00000006e6400000, 0x00000006e6800000, 0x00000006e6800000|100%| O|  |TAMS 0x00000006e6800000, 0x00000006e6400000| Untracked 
|   8|0x00000006e6800000, 0x00000006e6c00000, 0x00000006e6c00000|100%|HS|  |TAMS 0x00000006e6c00000, 0x00000006e6800000| Complete 
|   9|0x00000006e6c00000, 0x00000006e7000000, 0x00000006e7000000|100%| O|  |TAMS 0x00000006e7000000, 0x00000006e6c00000| Untracked 
|  10|0x00000006e7000000, 0x00000006e7400000, 0x00000006e7400000|100%| O|  |TAMS 0x00000006e7400000, 0x00000006e7000000| Untracked 
|  11|0x00000006e7400000, 0x00000006e7800000, 0x00000006e7800000|100%| O|  |TAMS 0x00000006e7800000, 0x00000006e7400000| Untracked 
|  12|0x00000006e7800000, 0x00000006e7c00000, 0x00000006e7c00000|100%| O|  |TAMS 0x00000006e7c00000, 0x00000006e7800000| Untracked 
|  13|0x00000006e7c00000, 0x00000006e8000000, 0x00000006e8000000|100%| O|  |TAMS 0x00000006e8000000, 0x00000006e7c00000| Untracked 
|  14|0x00000006e8000000, 0x00000006e8400000, 0x00000006e8400000|100%| O|  |TAMS 0x00000006e8400000, 0x00000006e8000000| Untracked 
|  15|0x00000006e8400000, 0x00000006e8800000, 0x00000006e8800000|100%|HS|  |TAMS 0x00000006e8800000, 0x00000006e8400000| Complete 
|  16|0x00000006e8800000, 0x00000006e8c00000, 0x00000006e8c00000|100%| O|  |TAMS 0x00000006e8c00000, 0x00000006e8800000| Untracked 
|  17|0x00000006e8c00000, 0x00000006e9000000, 0x00000006e9000000|100%| O|  |TAMS 0x00000006e9000000, 0x00000006e8c00000| Untracked 
|  18|0x00000006e9000000, 0x00000006e9400000, 0x00000006e9400000|100%| O|  |TAMS 0x00000006e9400000, 0x00000006e9000000| Untracked 
|  19|0x00000006e9400000, 0x00000006e9800000, 0x00000006e9800000|100%| O|  |TAMS 0x00000006e9800000, 0x00000006e9400000| Untracked 
|  20|0x00000006e9800000, 0x00000006e9c00000, 0x00000006e9c00000|100%| O|  |TAMS 0x00000006e9c00000, 0x00000006e9800000| Untracked 
|  21|0x00000006e9c00000, 0x00000006ea000000, 0x00000006ea000000|100%| O|  |TAMS 0x00000006ea000000, 0x00000006e9c00000| Untracked 
|  22|0x00000006ea000000, 0x00000006ea400000, 0x00000006ea400000|100%| O|  |TAMS 0x00000006ea400000, 0x00000006ea000000| Untracked 
|  23|0x00000006ea400000, 0x00000006ea800000, 0x00000006ea800000|100%| O|  |TAMS 0x00000006ea800000, 0x00000006ea400000| Untracked 
|  24|0x00000006ea800000, 0x00000006eac00000, 0x00000006eac00000|100%| O|  |TAMS 0x00000006eac00000, 0x00000006ea800000| Untracked 
|  25|0x00000006eac00000, 0x00000006eb000000, 0x00000006eb000000|100%| O|  |TAMS 0x00000006eb000000, 0x00000006eac00000| Untracked 
|  26|0x00000006eb000000, 0x00000006eb000000, 0x00000006eb400000|  0%| F|  |TAMS 0x00000006eb000000, 0x00000006eb000000| Untracked 
|  27|0x00000006eb400000, 0x00000006eb800000, 0x00000006eb800000|100%| O|  |TAMS 0x00000006eb800000, 0x00000006eb400000| Untracked 
|  28|0x00000006eb800000, 0x00000006ebc00000, 0x00000006ebc00000|100%|HS|  |TAMS 0x00000006ebc00000, 0x00000006eb800000| Complete 
|  29|0x00000006ebc00000, 0x00000006ec000000, 0x00000006ec000000|100%| O|  |TAMS 0x00000006ec000000, 0x00000006ebc00000| Untracked 
|  30|0x00000006ec000000, 0x00000006ec400000, 0x00000006ec400000|100%| O|  |TAMS 0x00000006ec400000, 0x00000006ec000000| Untracked 
|  31|0x00000006ec400000, 0x00000006ec800000, 0x00000006ec800000|100%| O|  |TAMS 0x00000006ec800000, 0x00000006ec400000| Untracked 
|  32|0x00000006ec800000, 0x00000006ec800000, 0x00000006ecc00000|  0%| F|  |TAMS 0x00000006ec800000, 0x00000006ec800000| Untracked 
|  33|0x00000006ecc00000, 0x00000006ed000000, 0x00000006ed000000|100%| O|  |TAMS 0x00000006ed000000, 0x00000006ecc00000| Untracked 
|  34|0x00000006ed000000, 0x00000006ed400000, 0x00000006ed400000|100%| O|  |TAMS 0x00000006ed400000, 0x00000006ed000000| Untracked 
|  35|0x00000006ed400000, 0x00000006ed800000, 0x00000006ed800000|100%| O|  |TAMS 0x00000006ed400000, 0x00000006ed400000| Untracked 
|  36|0x00000006ed800000, 0x00000006edc00000, 0x00000006edc00000|100%| O|  |TAMS 0x00000006edc00000, 0x00000006ed800000| Untracked 
|  37|0x00000006edc00000, 0x00000006ee000000, 0x00000006ee000000|100%| O|  |TAMS 0x00000006ee000000, 0x00000006edc00000| Untracked 
|  38|0x00000006ee000000, 0x00000006ee400000, 0x00000006ee400000|100%| O|  |TAMS 0x00000006ee400000, 0x00000006ee000000| Untracked 
|  39|0x00000006ee400000, 0x00000006ee800000, 0x00000006ee800000|100%| O|  |TAMS 0x00000006ee800000, 0x00000006ee400000| Untracked 
|  40|0x00000006ee800000, 0x00000006eec00000, 0x00000006eec00000|100%| O|  |TAMS 0x00000006eec00000, 0x00000006ee800000| Untracked 
|  41|0x00000006eec00000, 0x00000006ef000000, 0x00000006ef000000|100%| O|  |TAMS 0x00000006ef000000, 0x00000006eec00000| Untracked 
|  42|0x00000006ef000000, 0x00000006ef400000, 0x00000006ef400000|100%| O|  |TAMS 0x00000006ef400000, 0x00000006ef000000| Untracked 
|  43|0x00000006ef400000, 0x00000006ef800000, 0x00000006ef800000|100%| O|  |TAMS 0x00000006ef800000, 0x00000006ef400000| Untracked 
|  44|0x00000006ef800000, 0x00000006efc00000, 0x00000006efc00000|100%| O|  |TAMS 0x00000006efc00000, 0x00000006ef800000| Untracked 
|  45|0x00000006efc00000, 0x00000006f0000000, 0x00000006f0000000|100%| O|  |TAMS 0x00000006f0000000, 0x00000006efc00000| Untracked 
|  46|0x00000006f0000000, 0x00000006f0400000, 0x00000006f0400000|100%| O|  |TAMS 0x00000006f0120200, 0x00000006f0000000| Untracked 
|  47|0x00000006f0400000, 0x00000006f079c200, 0x00000006f0800000| 90%| O|  |TAMS 0x00000006f0400000, 0x00000006f0400000| Untracked 
|  48|0x00000006f0800000, 0x00000006f0800000, 0x00000006f0c00000|  0%| F|  |TAMS 0x00000006f0800000, 0x00000006f0800000| Untracked 
|  49|0x00000006f0c00000, 0x00000006f0c00000, 0x00000006f1000000|  0%| F|  |TAMS 0x00000006f0c00000, 0x00000006f0c00000| Untracked 
|  50|0x00000006f1000000, 0x00000006f1000000, 0x00000006f1400000|  0%| F|  |TAMS 0x00000006f1000000, 0x00000006f1000000| Untracked 
|  51|0x00000006f1400000, 0x00000006f1400000, 0x00000006f1800000|  0%| F|  |TAMS 0x00000006f1400000, 0x00000006f1400000| Untracked 
|  52|0x00000006f1800000, 0x00000006f1800000, 0x00000006f1c00000|  0%| F|  |TAMS 0x00000006f1800000, 0x00000006f1800000| Untracked 
|  53|0x00000006f1c00000, 0x00000006f1c00000, 0x00000006f2000000|  0%| F|  |TAMS 0x00000006f1c00000, 0x00000006f1c00000| Untracked 
|  54|0x00000006f2000000, 0x00000006f2000000, 0x00000006f2400000|  0%| F|  |TAMS 0x00000006f2000000, 0x00000006f2000000| Untracked 
|  55|0x00000006f2400000, 0x00000006f2400000, 0x00000006f2800000|  0%| F|  |TAMS 0x00000006f2400000, 0x00000006f2400000| Untracked 
|  56|0x00000006f2800000, 0x00000006f2800000, 0x00000006f2c00000|  0%| F|  |TAMS 0x00000006f2800000, 0x00000006f2800000| Untracked 
|  57|0x00000006f2c00000, 0x00000006f2c00000, 0x00000006f3000000|  0%| F|  |TAMS 0x00000006f2c00000, 0x00000006f2c00000| Untracked 
|  58|0x00000006f3000000, 0x00000006f3000000, 0x00000006f3400000|  0%| F|  |TAMS 0x00000006f3000000, 0x00000006f3000000| Untracked 
|  59|0x00000006f3400000, 0x00000006f3400000, 0x00000006f3800000|  0%| F|  |TAMS 0x00000006f3400000, 0x00000006f3400000| Untracked 
|  60|0x00000006f3800000, 0x00000006f3800000, 0x00000006f3c00000|  0%| F|  |TAMS 0x00000006f3800000, 0x00000006f3800000| Untracked 
|  61|0x00000006f3c00000, 0x00000006f3c00000, 0x00000006f4000000|  0%| F|  |TAMS 0x00000006f3c00000, 0x00000006f3c00000| Untracked 
|  62|0x00000006f4000000, 0x00000006f4000000, 0x00000006f4400000|  0%| F|  |TAMS 0x00000006f4000000, 0x00000006f4000000| Untracked 
|  63|0x00000006f4400000, 0x00000006f4400000, 0x00000006f4800000|  0%| F|  |TAMS 0x00000006f4400000, 0x00000006f4400000| Untracked 
|  64|0x00000006f4800000, 0x00000006f4800000, 0x00000006f4c00000|  0%| F|  |TAMS 0x00000006f4800000, 0x00000006f4800000| Untracked 
|  65|0x00000006f4c00000, 0x00000006f4c00000, 0x00000006f5000000|  0%| F|  |TAMS 0x00000006f4c00000, 0x00000006f4c00000| Untracked 
|  66|0x00000006f5000000, 0x00000006f5000000, 0x00000006f5400000|  0%| F|  |TAMS 0x00000006f5000000, 0x00000006f5000000| Untracked 
|  67|0x00000006f5400000, 0x00000006f5642248, 0x00000006f5800000| 56%| S|CS|TAMS 0x00000006f5400000, 0x00000006f5400000| Complete 
|  68|0x00000006f5800000, 0x00000006f5c00000, 0x00000006f5c00000|100%| S|CS|TAMS 0x00000006f5800000, 0x00000006f5800000| Complete 
|  69|0x00000006f5c00000, 0x00000006f6000000, 0x00000006f6000000|100%| S|CS|TAMS 0x00000006f5c00000, 0x00000006f5c00000| Complete 
|  70|0x00000006f6000000, 0x00000006f6000000, 0x00000006f6400000|  0%| F|  |TAMS 0x00000006f6000000, 0x00000006f6000000| Untracked 
|  71|0x00000006f6400000, 0x00000006f6400000, 0x00000006f6800000|  0%| F|  |TAMS 0x00000006f6400000, 0x00000006f6400000| Untracked 
|  72|0x00000006f6800000, 0x00000006f6800000, 0x00000006f6c00000|  0%| F|  |TAMS 0x00000006f6800000, 0x00000006f6800000| Untracked 
|  73|0x00000006f6c00000, 0x00000006f6c00000, 0x00000006f7000000|  0%| F|  |TAMS 0x00000006f6c00000, 0x00000006f6c00000| Untracked 
|  74|0x00000006f7000000, 0x00000006f7000000, 0x00000006f7400000|  0%| F|  |TAMS 0x00000006f7000000, 0x00000006f7000000| Untracked 
|  75|0x00000006f7400000, 0x00000006f7400000, 0x00000006f7800000|  0%| F|  |TAMS 0x00000006f7400000, 0x00000006f7400000| Untracked 
|  76|0x00000006f7800000, 0x00000006f7800000, 0x00000006f7c00000|  0%| F|  |TAMS 0x00000006f7800000, 0x00000006f7800000| Untracked 
|  77|0x00000006f7c00000, 0x00000006f7c00000, 0x00000006f8000000|  0%| F|  |TAMS 0x00000006f7c00000, 0x00000006f7c00000| Untracked 
|  78|0x00000006f8000000, 0x00000006f8000000, 0x00000006f8400000|  0%| F|  |TAMS 0x00000006f8000000, 0x00000006f8000000| Untracked 
|  79|0x00000006f8400000, 0x00000006f8400000, 0x00000006f8800000|  0%| F|  |TAMS 0x00000006f8400000, 0x00000006f8400000| Untracked 
|  80|0x00000006f8800000, 0x00000006f8800000, 0x00000006f8c00000|  0%| F|  |TAMS 0x00000006f8800000, 0x00000006f8800000| Untracked 
|  81|0x00000006f8c00000, 0x00000006f8c00000, 0x00000006f9000000|  0%| F|  |TAMS 0x00000006f8c00000, 0x00000006f8c00000| Untracked 
|  82|0x00000006f9000000, 0x00000006f9000000, 0x00000006f9400000|  0%| F|  |TAMS 0x00000006f9000000, 0x00000006f9000000| Untracked 
|  83|0x00000006f9400000, 0x00000006f9400000, 0x00000006f9800000|  0%| F|  |TAMS 0x00000006f9400000, 0x00000006f9400000| Untracked 
|  84|0x00000006f9800000, 0x00000006f9800000, 0x00000006f9c00000|  0%| F|  |TAMS 0x00000006f9800000, 0x00000006f9800000| Untracked 
|  85|0x00000006f9c00000, 0x00000006f9c00000, 0x00000006fa000000|  0%| F|  |TAMS 0x00000006f9c00000, 0x00000006f9c00000| Untracked 
|  86|0x00000006fa000000, 0x00000006fa000000, 0x00000006fa400000|  0%| F|  |TAMS 0x00000006fa000000, 0x00000006fa000000| Untracked 
|  87|0x00000006fa400000, 0x00000006fa400000, 0x00000006fa800000|  0%| F|  |TAMS 0x00000006fa400000, 0x00000006fa400000| Untracked 
|  88|0x00000006fa800000, 0x00000006fa800000, 0x00000006fac00000|  0%| F|  |TAMS 0x00000006fa800000, 0x00000006fa800000| Untracked 
|  89|0x00000006fac00000, 0x00000006fac00000, 0x00000006fb000000|  0%| F|  |TAMS 0x00000006fac00000, 0x00000006fac00000| Untracked 
|  90|0x00000006fb000000, 0x00000006fb000000, 0x00000006fb400000|  0%| F|  |TAMS 0x00000006fb000000, 0x00000006fb000000| Untracked 
|  91|0x00000006fb400000, 0x00000006fb400000, 0x00000006fb800000|  0%| F|  |TAMS 0x00000006fb400000, 0x00000006fb400000| Untracked 
|  92|0x00000006fb800000, 0x00000006fb800000, 0x00000006fbc00000|  0%| F|  |TAMS 0x00000006fb800000, 0x00000006fb800000| Untracked 
|1132|0x00000007ff800000, 0x00000007ffc00000, 0x00000007ffc00000|100%| O|  |TAMS 0x00000007ffc00000, 0x00000007ff800000| Untracked 
|1133|0x00000007ffc00000, 0x0000000800000000, 0x0000000800000000|100%| O|  |TAMS 0x0000000800000000, 0x00000007ffc00000| Untracked 

Card table byte_map: [0x0000022bb7c60000,0x0000022bb8540000] _byte_map_base: 0x0000022bb453c000

Marking Bits (Prev, Next): (CMBitMap*) 0x0000022ba0648790, (CMBitMap*) 0x0000022ba06487d0
 Prev Bits: [0x0000022bb8e20000, 0x0000022bbd500000)
 Next Bits: [0x0000022bbd500000, 0x0000022bc1be0000)

Polling page: 0x0000022b9e520000

Metaspace:

Usage:
  Non-class:    113.25 MB used.
      Class:     17.58 MB used.
       Both:    130.83 MB used.

Virtual space:
  Non-class space:      120.00 MB reserved,     113.75 MB ( 95%) committed,  15 nodes.
      Class space:        1.00 GB reserved,      18.06 MB (  2%) committed,  1 nodes.
             Both:        1.12 GB reserved,     131.81 MB ( 12%) committed. 

Chunk freelists:
   Non-Class:  1.84 MB
       Class:  1.89 MB
        Both:  3.73 MB

MaxMetaspaceSize: unlimited
CompressedClassSpaceSize: 1.00 GB
Initial GC threshold: 21.00 MB
Current GC threshold: 211.56 MB
CDS: on
MetaspaceReclaimPolicy: balanced
 - commit_granule_bytes: 65536.
 - commit_granule_words: 8192.
 - virtual_space_node_default_size: 1048576.
 - enlarge_chunks_in_place: 1.
 - new_chunks_are_fully_committed: 0.
 - uncommit_free_chunks: 1.
 - use_allocation_guard: 0.
 - handle_deallocations: 1.


Internal statistics:

num_allocs_failed_limit: 9.
num_arena_births: 1394.
num_arena_deaths: 14.
num_vsnodes_births: 16.
num_vsnodes_deaths: 0.
num_space_committed: 2107.
num_space_uncommitted: 0.
num_chunks_returned_to_freelist: 26.
num_chunks_taken_from_freelist: 6945.
num_chunk_merges: 6.
num_chunk_splits: 4618.
num_chunks_enlarged: 3126.
num_purges: 2.
num_inconsistent_stats: 0.

CodeHeap 'non-profiled nmethods': size=120000Kb used=11770Kb max_used=11770Kb free=108229Kb
 bounds [0x0000022baf900000, 0x0000022bb0480000, 0x0000022bb6e30000]
CodeHeap 'profiled nmethods': size=120000Kb used=37592Kb max_used=37592Kb free=82407Kb
 bounds [0x0000022ba83d0000, 0x0000022baa890000, 0x0000022baf900000]
CodeHeap 'non-nmethods': size=5760Kb used=2563Kb max_used=2580Kb free=3196Kb
 bounds [0x0000022ba7e30000, 0x0000022ba80c0000, 0x0000022ba83d0000]
 total_blobs=19701 nmethods=18648 adapters=960
 compilation: enabled
              stopped_count=0, restarted_count=0
 full_count=0

Compilation events (20 events):
Event: 47.666 Thread 0x0000022bc48142c0 nmethod 22556 0x0000022baa87e710 code [0x0000022baa87e8c0, 0x0000022baa87ec68]
Event: 47.666 Thread 0x0000022bc48142c0 22557       3       org.gradle.internal.fingerprint.DirectorySensitivity::lambda$static$1 (18 bytes)
Event: 47.666 Thread 0x0000022bc48142c0 nmethod 22557 0x0000022baa87ed90 code [0x0000022baa87ef40, 0x0000022baa87f168]
Event: 47.666 Thread 0x0000022bc48142c0 22558       3       org.gradle.internal.execution.history.changes.DefaultFileChange::<init> (38 bytes)
Event: 47.667 Thread 0x0000022bc48142c0 nmethod 22558 0x0000022baa87f210 code [0x0000022baa87f3c0, 0x0000022baa87f798]
Event: 47.667 Thread 0x0000022bc48142c0 22559       3       org.gradle.internal.execution.history.changes.SummarizingChangeContainer$ChangeDetectingVisitor::visitChange (16 bytes)
Event: 47.668 Thread 0x0000022bc48142c0 nmethod 22559 0x0000022baa87f890 code [0x0000022baa87fa40, 0x0000022baa87fc28]
Event: 47.668 Thread 0x0000022bc48142c0 22560   !   3       org.gradle.launcher.daemon.server.SynchronizedDispatchConnection::dispatchAndFlush (118 bytes)
Event: 47.669 Thread 0x0000022bc48142c0 nmethod 22560 0x0000022baa87fd10 code [0x0000022baa87ff60, 0x0000022baa880898]
Event: 47.669 Thread 0x0000022bc48142c0 22561   !   3       org.gradle.internal.remote.internal.inet.SocketConnection::dispatch (134 bytes)
Event: 47.670 Thread 0x0000022bc48142c0 nmethod 22561 0x0000022baa880d10 code [0x0000022baa881260, 0x0000022baa884608]
Event: 47.670 Thread 0x0000022bc48142c0 22562       3       java.nio.DirectByteBuffer::compact (5 bytes)
Event: 47.670 Thread 0x0000022bc48142c0 nmethod 22562 0x0000022baa885610 code [0x0000022baa8857c0, 0x0000022baa885988]
Event: 47.676 Thread 0x0000022bc48142c0 22565       3       org.gradle.internal.instantiation.generator.AsmBackedClassGenerator$ClassBuilderImpl$10::<init> (121 bytes)
Event: 47.677 Thread 0x0000022bc48142c0 nmethod 22565 0x0000022baa885a10 code [0x0000022baa885dc0, 0x0000022baa887bc8]
Event: 47.677 Thread 0x0000022bc48142c0 22566       3       org.gradle.internal.instantiation.generator.AbstractClassGenerator$LazyGroovySupportTypePropertyHandler::applyTo (44 bytes)
Event: 47.677 Thread 0x0000022bc48142c0 nmethod 22566 0x0000022baa888510 code [0x0000022baa888700, 0x0000022baa888cf8]
Event: 47.680 Thread 0x0000022bc48142c0 22567   !   3       java.io.ObjectInputStream$ValidationList::doCallbacks (58 bytes)
Event: 47.681 Thread 0x0000022bc48142c0 nmethod 22567 0x0000022baa888f10 code [0x0000022baa889120, 0x0000022baa8898f8]
Event: 47.681 Thread 0x0000022bc92d4af0 22564   !   4       java.util.concurrent.ConcurrentHashMap::computeIfAbsent (576 bytes)

GC Heap History (20 events):
Event: 29.787 GC heap after
{Heap after GC invocations=44 (full 0):
 garbage-first heap   total 315392K, used 128480K [0x00000006e4800000, 0x0000000800000000)
  region size 4096K, 1 young (4096K), 1 survivors (4096K)
 Metaspace       used 120089K, committed 120896K, reserved 1155072K
  class space    used 16347K, committed 16768K, reserved 1048576K
}
Event: 30.171 GC heap before
{Heap before GC invocations=44 (full 0):
 garbage-first heap   total 315392K, used 255456K [0x00000006e4800000, 0x0000000800000000)
  region size 4096K, 32 young (131072K), 1 survivors (4096K)
 Metaspace       used 120285K, committed 121152K, reserved 1155072K
  class space    used 16352K, committed 16768K, reserved 1048576K
}
Event: 30.173 GC heap after
{Heap after GC invocations=45 (full 0):
 garbage-first heap   total 315392K, used 128778K [0x00000006e4800000, 0x0000000800000000)
  region size 4096K, 1 young (4096K), 1 survivors (4096K)
 Metaspace       used 120285K, committed 121152K, reserved 1155072K
  class space    used 16352K, committed 16768K, reserved 1048576K
}
Event: 41.170 GC heap before
{Heap before GC invocations=45 (full 0):
 garbage-first heap   total 315392K, used 259850K [0x00000006e4800000, 0x0000000800000000)
  region size 4096K, 33 young (135168K), 1 survivors (4096K)
 Metaspace       used 120663K, committed 121600K, reserved 1155072K
  class space    used 16369K, committed 16832K, reserved 1048576K
}
Event: 41.172 GC heap after
{Heap after GC invocations=46 (full 0):
 garbage-first heap   total 315392K, used 128914K [0x00000006e4800000, 0x0000000800000000)
  region size 4096K, 1 young (4096K), 1 survivors (4096K)
 Metaspace       used 120663K, committed 121600K, reserved 1155072K
  class space    used 16369K, committed 16832K, reserved 1048576K
}
Event: 45.313 GC heap before
{Heap before GC invocations=46 (full 0):
 garbage-first heap   total 315392K, used 272274K [0x00000006e4800000, 0x0000000800000000)
  region size 4096K, 34 young (139264K), 1 survivors (4096K)
 Metaspace       used 123096K, committed 123968K, reserved 1163264K
  class space    used 16680K, committed 17088K, reserved 1048576K
}
Event: 45.328 GC heap after
{Heap after GC invocations=47 (full 0):
 garbage-first heap   total 323584K, used 176613K [0x00000006e4800000, 0x0000000800000000)
  region size 4096K, 5 young (20480K), 5 survivors (20480K)
 Metaspace       used 123096K, committed 123968K, reserved 1163264K
  class space    used 16680K, committed 17088K, reserved 1048576K
}
Event: 45.673 GC heap before
{Heap before GC invocations=47 (full 0):
 garbage-first heap   total 323584K, used 250341K [0x00000006e4800000, 0x0000000800000000)
  region size 4096K, 23 young (94208K), 5 survivors (20480K)
 Metaspace       used 123630K, committed 124544K, reserved 1163264K
  class space    used 16727K, committed 17152K, reserved 1048576K
}
Event: 45.686 GC heap after
{Heap after GC invocations=48 (full 0):
 garbage-first heap   total 323584K, used 184186K [0x00000006e4800000, 0x0000000800000000)
  region size 4096K, 3 young (12288K), 3 survivors (12288K)
 Metaspace       used 123630K, committed 124544K, reserved 1163264K
  class space    used 16727K, committed 17152K, reserved 1048576K
}
Event: 46.191 GC heap before
{Heap before GC invocations=49 (full 0):
 garbage-first heap   total 335872K, used 249722K [0x00000006e4800000, 0x0000000800000000)
  region size 4096K, 20 young (81920K), 3 survivors (12288K)
 Metaspace       used 126676K, committed 127552K, reserved 1163264K
  class space    used 17158K, committed 17600K, reserved 1048576K
}
Event: 46.198 GC heap after
{Heap after GC invocations=50 (full 0):
 garbage-first heap   total 335872K, used 196068K [0x00000006e4800000, 0x0000000800000000)
  region size 4096K, 3 young (12288K), 3 survivors (12288K)
 Metaspace       used 126676K, committed 127552K, reserved 1163264K
  class space    used 17158K, committed 17600K, reserved 1048576K
}
Event: 46.202 GC heap before
{Heap before GC invocations=50 (full 0):
 garbage-first heap   total 335872K, used 200164K [0x00000006e4800000, 0x0000000800000000)
  region size 4096K, 4 young (16384K), 3 survivors (12288K)
 Metaspace       used 126706K, committed 127616K, reserved 1163264K
  class space    used 17167K, committed 17600K, reserved 1048576K
}
Event: 46.208 GC heap after
{Heap after GC invocations=51 (full 0):
 garbage-first heap   total 335872K, used 195625K [0x00000006e4800000, 0x0000000800000000)
  region size 4096K, 1 young (4096K), 1 survivors (4096K)
 Metaspace       used 126706K, committed 127616K, reserved 1163264K
  class space    used 17167K, committed 17600K, reserved 1048576K
}
Event: 46.271 GC heap before
{Heap before GC invocations=51 (full 0):
 garbage-first heap   total 335872K, used 212009K [0x00000006e4800000, 0x0000000800000000)
  region size 4096K, 6 young (24576K), 1 survivors (4096K)
 Metaspace       used 127684K, committed 128576K, reserved 1163264K
  class space    used 17291K, committed 17728K, reserved 1048576K
}
Event: 46.274 GC heap after
{Heap after GC invocations=52 (full 0):
 garbage-first heap   total 335872K, used 199842K [0x00000006e4800000, 0x0000000800000000)
  region size 4096K, 2 young (8192K), 2 survivors (8192K)
 Metaspace       used 127684K, committed 128576K, reserved 1163264K
  class space    used 17291K, committed 17728K, reserved 1048576K
}
Event: 46.603 GC heap before
{Heap before GC invocations=53 (full 0):
 garbage-first heap   total 389120K, used 273570K [0x00000006e4800000, 0x0000000800000000)
  region size 4096K, 16 young (65536K), 2 survivors (8192K)
 Metaspace       used 130845K, committed 131776K, reserved 1163264K
  class space    used 17616K, committed 18048K, reserved 1048576K
}
Event: 46.608 GC heap after
{Heap after GC invocations=54 (full 0):
 garbage-first heap   total 389120K, used 203288K [0x00000006e4800000, 0x0000000800000000)
  region size 4096K, 2 young (8192K), 2 survivors (8192K)
 Metaspace       used 130845K, committed 131776K, reserved 1163264K
  class space    used 17616K, committed 18048K, reserved 1048576K
}
Event: 46.698 GC heap before
{Heap before GC invocations=54 (full 0):
 garbage-first heap   total 389120K, used 207384K [0x00000006e4800000, 0x0000000800000000)
  region size 4096K, 4 young (16384K), 2 survivors (8192K)
 Metaspace       used 131195K, committed 132160K, reserved 1163264K
  class space    used 17663K, committed 18112K, reserved 1048576K
}
Event: 46.702 GC heap after
{Heap after GC invocations=55 (full 0):
 garbage-first heap   total 389120K, used 198270K [0x00000006e4800000, 0x0000000800000000)
  region size 4096K, 1 young (4096K), 1 survivors (4096K)
 Metaspace       used 131195K, committed 132160K, reserved 1163264K
  class space    used 17663K, committed 18112K, reserved 1048576K
}
Event: 47.682 GC heap before
{Heap before GC invocations=55 (full 0):
 garbage-first heap   total 389120K, used 284286K [0x00000006e4800000, 0x0000000800000000)
  region size 4096K, 23 young (94208K), 1 survivors (4096K)
 Metaspace       used 133967K, committed 134976K, reserved 1171456K
  class space    used 18003K, committed 18496K, reserved 1048576K
}

Deoptimization events (20 events):
Event: 47.339 Thread 0x0000022bcab41e50 Uncommon trap: trap_request=0xffffffde fr.pc=0x0000022bb0341e40 relative=0x0000000000001180
Event: 47.339 Thread 0x0000022bcab41e50 Uncommon trap: reason=class_check action=maybe_recompile pc=0x0000022bb0341e40 method=com.android.tools.r8.graph.F0.a(Lcom/android/tools/r8/graph/w;Lcom/android/tools/r8/dex/N;Lcom/android/tools/r8/internal/DB;Lcom/android/tools/r8/graph/A5;)V @ 304 c2
Event: 47.339 Thread 0x0000022bcab41e50 DEOPT PACKING pc=0x0000022bb0341e40 sp=0x000000a2d64fd4e0
Event: 47.339 Thread 0x0000022bcab41e50 DEOPT UNPACKING pc=0x0000022ba7e823a3 sp=0x000000a2d64fd480 mode 2
Event: 47.340 Thread 0x0000022bcab41e50 Uncommon trap: trap_request=0xffffffd6 fr.pc=0x0000022bb0430c5c relative=0x000000000000041c
Event: 47.340 Thread 0x0000022bcab41e50 Uncommon trap: reason=array_check action=maybe_recompile pc=0x0000022bb0430c5c method=java.util.IdentityHashMap$KeySet.toArray([Ljava/lang/Object;)[Ljava/lang/Object; @ 93 c2
Event: 47.340 Thread 0x0000022bcab41e50 DEOPT PACKING pc=0x0000022bb0430c5c sp=0x000000a2d64fcef0
Event: 47.340 Thread 0x0000022bcab41e50 DEOPT UNPACKING pc=0x0000022ba7e823a3 sp=0x000000a2d64fce90 mode 2
Event: 47.340 Thread 0x0000022bcab41e50 Uncommon trap: trap_request=0xffffffde fr.pc=0x0000022bb01972a8 relative=0x0000000000004028
Event: 47.340 Thread 0x0000022bcab41e50 Uncommon trap: reason=class_check action=maybe_recompile pc=0x0000022bb01972a8 method=com.android.tools.r8.dex.F.a(Lcom/android/tools/r8/internal/Dk;Lcom/android/tools/r8/graph/E2;)Lcom/android/tools/r8/graph/E2; @ 10 c2
Event: 47.340 Thread 0x0000022bcab41e50 DEOPT PACKING pc=0x0000022bb01972a8 sp=0x000000a2d64fc920
Event: 47.340 Thread 0x0000022bcab41e50 DEOPT UNPACKING pc=0x0000022ba7e823a3 sp=0x000000a2d64fc8b8 mode 2
Event: 47.341 Thread 0x0000022bcab44e70 DEOPT PACKING pc=0x0000022ba89a207c sp=0x000000a2d61ff250
Event: 47.341 Thread 0x0000022bcab44e70 DEOPT UNPACKING pc=0x0000022ba7e82b43 sp=0x000000a2d61fe860 mode 0
Event: 47.344 Thread 0x0000022bcab40fe0 DEOPT PACKING pc=0x0000022baa78ee20 sp=0x000000a2d5ffd500
Event: 47.344 Thread 0x0000022bcab40fe0 DEOPT UNPACKING pc=0x0000022ba7e82b43 sp=0x000000a2d5ffc9e8 mode 0
Event: 47.347 Thread 0x0000022bcab40fe0 Uncommon trap: trap_request=0xffffffd6 fr.pc=0x0000022bb0430c5c relative=0x000000000000041c
Event: 47.347 Thread 0x0000022bcab40fe0 Uncommon trap: reason=array_check action=maybe_recompile pc=0x0000022bb0430c5c method=java.util.IdentityHashMap$KeySet.toArray([Ljava/lang/Object;)[Ljava/lang/Object; @ 93 c2
Event: 47.347 Thread 0x0000022bcab40fe0 DEOPT PACKING pc=0x0000022bb0430c5c sp=0x000000a2d5ffcdb0
Event: 47.347 Thread 0x0000022bcab40fe0 DEOPT UNPACKING pc=0x0000022ba7e823a3 sp=0x000000a2d5ffcd50 mode 2

Classes unloaded (7 events):
Event: 45.762 Thread 0x0000022bc47e9540 Unloading class 0x0000000801ba4400 'java/lang/invoke/LambdaForm$DMH+0x0000000801ba4400'
Event: 45.762 Thread 0x0000022bc47e9540 Unloading class 0x0000000801b14c00 'java/lang/invoke/LambdaForm$DMH+0x0000000801b14c00'
Event: 45.762 Thread 0x0000022bc47e9540 Unloading class 0x0000000801b14400 'java/lang/invoke/LambdaForm$DMH+0x0000000801b14400'
Event: 45.762 Thread 0x0000022bc47e9540 Unloading class 0x0000000801ac4c00 'java/lang/invoke/LambdaForm$DMH+0x0000000801ac4c00'
Event: 45.762 Thread 0x0000022bc47e9540 Unloading class 0x0000000801ac4400 'java/lang/invoke/LambdaForm$DMH+0x0000000801ac4400'
Event: 45.762 Thread 0x0000022bc47e9540 Unloading class 0x0000000801a8c400 'java/lang/invoke/LambdaForm$DMH+0x0000000801a8c400'
Event: 45.762 Thread 0x0000022bc47e9540 Unloading class 0x0000000801a7c400 'java/lang/invoke/LambdaForm$DMH+0x0000000801a7c400'

Classes redefined (0 events):
No events

Internal exceptions (20 events):
Event: 47.188 Thread 0x0000022bcab449a0 Exception <a 'sun/nio/fs/WindowsException'{0x00000006f7a9a4d0}> (0x00000006f7a9a4d0) 
thrown [t:\workspace\open\src\hotspot\share\prims\jni.cpp, line 516]
Event: 47.188 Thread 0x0000022bcab449a0 Exception <a 'sun/nio/fs/WindowsException'{0x00000006f7a9af38}> (0x00000006f7a9af38) 
thrown [t:\workspace\open\src\hotspot\share\prims\jni.cpp, line 516]
Event: 47.188 Thread 0x0000022bcab449a0 Exception <a 'sun/nio/fs/WindowsException'{0x00000006f7a9b368}> (0x00000006f7a9b368) 
thrown [t:\workspace\open\src\hotspot\share\prims\jni.cpp, line 516]
Event: 47.188 Thread 0x0000022bcab449a0 Exception <a 'sun/nio/fs/WindowsException'{0x00000006f7a9c5f0}> (0x00000006f7a9c5f0) 
thrown [t:\workspace\open\src\hotspot\share\prims\jni.cpp, line 516]
Event: 47.188 Thread 0x0000022bcab449a0 Exception <a 'sun/nio/fs/WindowsException'{0x00000006f7a9ca00}> (0x00000006f7a9ca00) 
thrown [t:\workspace\open\src\hotspot\share\prims\jni.cpp, line 516]
Event: 47.188 Thread 0x0000022bcab449a0 Exception <a 'sun/nio/fs/WindowsException'{0x00000006f7a9dc78}> (0x00000006f7a9dc78) 
thrown [t:\workspace\open\src\hotspot\share\prims\jni.cpp, line 516]
Event: 47.189 Thread 0x0000022bcab41e50 Exception <a 'sun/nio/fs/WindowsException'{0x00000006f7b17d88}> (0x00000006f7b17d88) 
thrown [t:\workspace\open\src\hotspot\share\prims\jni.cpp, line 516]
Event: 47.189 Thread 0x0000022bcab41e50 Exception <a 'sun/nio/fs/WindowsException'{0x00000006f7b187f0}> (0x00000006f7b187f0) 
thrown [t:\workspace\open\src\hotspot\share\prims\jni.cpp, line 516]
Event: 47.189 Thread 0x0000022bcab41e50 Exception <a 'sun/nio/fs/WindowsException'{0x00000006f7b1a2d0}> (0x00000006f7b1a2d0) 
thrown [t:\workspace\open\src\hotspot\share\prims\jni.cpp, line 516]
Event: 47.334 Thread 0x0000022bcab40fe0 Exception <a 'sun/nio/fs/WindowsException'{0x00000006f72f5ae0}> (0x00000006f72f5ae0) 
thrown [t:\workspace\open\src\hotspot\share\prims\jni.cpp, line 516]
Event: 47.336 Thread 0x0000022bcab41e50 Exception <a 'sun/nio/fs/WindowsException'{0x00000006f7361740}> (0x00000006f7361740) 
thrown [t:\workspace\open\src\hotspot\share\prims\jni.cpp, line 516]
Event: 47.341 Thread 0x0000022bcab41e50 Exception <a 'sun/nio/fs/WindowsException'{0x00000006f6d2f540}> (0x00000006f6d2f540) 
thrown [t:\workspace\open\src\hotspot\share\prims\jni.cpp, line 516]
Event: 47.353 Thread 0x0000022bcab40fe0 Exception <a 'sun/nio/fs/WindowsException'{0x00000006f6b778d8}> (0x00000006f6b778d8) 
thrown [t:\workspace\open\src\hotspot\share\prims\jni.cpp, line 516]
Event: 47.362 Thread 0x0000022bc797d670 Exception <a 'sun/nio/fs/WindowsException'{0x00000006fb7f7780}> (0x00000006fb7f7780) 
thrown [t:\workspace\open\src\hotspot\share\prims\jni.cpp, line 516]
Event: 47.658 Thread 0x0000022bc797d670 Exception <a 'sun/nio/fs/WindowsException'{0x00000006f60fe2f0}> (0x00000006f60fe2f0) 
thrown [t:\workspace\open\src\hotspot\share\prims\jni.cpp, line 516]
Event: 47.658 Thread 0x0000022bc797d670 Exception <a 'sun/nio/fs/WindowsException'{0x00000006f60ff198}> (0x00000006f60ff198) 
thrown [t:\workspace\open\src\hotspot\share\prims\jni.cpp, line 516]
Event: 47.658 Thread 0x0000022bc797d670 Exception <a 'sun/nio/fs/WindowsException'{0x00000006f60ff228}> (0x00000006f60ff228) 
thrown [t:\workspace\open\src\hotspot\share\prims\jni.cpp, line 516]
Event: 47.658 Thread 0x0000022bc797d670 Exception <a 'sun/nio/fs/WindowsException'{0x00000006f60ff618}> (0x00000006f60ff618) 
thrown [t:\workspace\open\src\hotspot\share\prims\jni.cpp, line 516]
Event: 47.668 Thread 0x0000022bcab42320 Exception <a 'sun/nio/fs/WindowsException'{0x00000006f62285c8}> (0x00000006f62285c8) 
thrown [t:\workspace\open\src\hotspot\share\prims\jni.cpp, line 516]
Event: 47.668 Thread 0x0000022bcab42320 Exception <a 'sun/nio/fs/WindowsException'{0x00000006f62288e0}> (0x00000006f62288e0) 
thrown [t:\workspace\open\src\hotspot\share\prims\jni.cpp, line 516]

VM Operations (20 events):
Event: 46.483 Executing VM operation: HandshakeAllThreads done
Event: 46.539 Executing VM operation: ICBufferFull
Event: 46.539 Executing VM operation: ICBufferFull done
Event: 46.603 Executing VM operation: G1CollectForAllocation
Event: 46.608 Executing VM operation: G1CollectForAllocation done
Event: 46.698 Executing VM operation: G1CollectForAllocation
Event: 46.702 Executing VM operation: G1CollectForAllocation done
Event: 46.793 Executing VM operation: HandshakeAllThreads
Event: 46.794 Executing VM operation: HandshakeAllThreads done
Event: 46.828 Executing VM operation: ICBufferFull
Event: 46.828 Executing VM operation: ICBufferFull done
Event: 46.968 Executing VM operation: HandshakeAllThreads
Event: 46.969 Executing VM operation: HandshakeAllThreads done
Event: 46.973 Executing VM operation: HandshakeAllThreads
Event: 46.973 Executing VM operation: HandshakeAllThreads done
Event: 47.056 Executing VM operation: ICBufferFull
Event: 47.056 Executing VM operation: ICBufferFull done
Event: 47.329 Executing VM operation: ICBufferFull
Event: 47.330 Executing VM operation: ICBufferFull done
Event: 47.682 Executing VM operation: G1CollectForAllocation

Events (20 events):
Event: 46.858 loading class java/util/EnumMap$ValueIterator
Event: 46.858 loading class java/util/EnumMap$ValueIterator done
Event: 46.916 loading class java/util/concurrent/RecursiveAction
Event: 46.916 loading class java/util/concurrent/RecursiveAction done
Event: 46.921 Thread 0x0000022bdd8ab2e0 Thread added: 0x0000022bdd8ab2e0
Event: 46.921 Thread 0x0000022bdd8aeca0 Thread added: 0x0000022bdd8aeca0
Event: 46.921 Thread 0x0000022bdd8acfc0 Thread added: 0x0000022bdd8acfc0
Event: 46.921 Thread 0x0000022bdd8a9fa0 Thread added: 0x0000022bdd8a9fa0
Event: 46.921 Thread 0x0000022bdd8ac150 Thread added: 0x0000022bdd8ac150
Event: 46.921 Thread 0x0000022bdd8af640 Thread added: 0x0000022bdd8af640
Event: 46.921 Thread 0x0000022bdd8ad490 Thread added: 0x0000022bdd8ad490
Event: 46.921 Thread 0x0000022bdd8aa940 Thread added: 0x0000022bdd8aa940
Event: 46.921 Thread 0x0000022bdd8ade30 Thread added: 0x0000022bdd8ade30
Event: 46.921 Thread 0x0000022bdd8aae10 Thread added: 0x0000022bdd8aae10
Event: 46.921 Thread 0x0000022bdd8b0e50 Thread added: 0x0000022bdd8b0e50
Event: 46.954 loading class java/io/SequenceInputStream
Event: 46.955 loading class java/io/SequenceInputStream done
Event: 47.341 Thread 0x0000022bdd8b1320 Thread added: 0x0000022bdd8b1320
Event: 47.647 Thread 0x0000022bc92d40d0 Thread exited: 0x0000022bc92d40d0
Event: 47.681 Thread 0x0000022bc92d4af0 Thread added: 0x0000022bc92d4af0


Dynamic libraries:
0x00007ff6c09a0000 - 0x00007ff6c09ae000 	C:\Users\Flute\Downloads\openjdk-17.0.2_windows-x64_bin\jdk-17.0.2\bin\java.exe
0x00007ffa20150000 - 0x00007ffa20367000 	C:\Windows\SYSTEM32\ntdll.dll
0x00007ffa1f5d0000 - 0x00007ffa1f694000 	C:\Windows\System32\KERNEL32.DLL
0x00007ffa1d530000 - 0x00007ffa1d8e7000 	C:\Windows\System32\KERNELBASE.dll
0x00007ffa12c60000 - 0x00007ffa12c78000 	C:\Users\Flute\Downloads\openjdk-17.0.2_windows-x64_bin\jdk-17.0.2\bin\jli.dll
0x00007ffa1d990000 - 0x00007ffa1daa1000 	C:\Windows\System32\ucrtbase.dll
0x00007ffa10730000 - 0x00007ffa1074a000 	C:\Users\Flute\Downloads\openjdk-17.0.2_windows-x64_bin\jdk-17.0.2\bin\VCRUNTIME140.dll
0x00007ffa1f420000 - 0x00007ffa1f5cf000 	C:\Windows\System32\USER32.dll
0x00007ffa1d460000 - 0x00007ffa1d486000 	C:\Windows\System32\win32u.dll
0x00007ffa1f9b0000 - 0x00007ffa1f9d9000 	C:\Windows\System32\GDI32.dll
0x00007ffa06c50000 - 0x00007ffa06ee3000 	C:\Windows\WinSxS\amd64_microsoft.windows.common-controls_6595b64144ccf1df_6.0.22621.3672_none_2713b9d173822955\COMCTL32.dll
0x00007ffa1dab0000 - 0x00007ffa1dbc8000 	C:\Windows\System32\gdi32full.dll
0x00007ffa1de80000 - 0x00007ffa1df27000 	C:\Windows\System32\msvcrt.dll
0x00007ffa1d490000 - 0x00007ffa1d52a000 	C:\Windows\System32\msvcp_win.dll
0x00007ffa1f230000 - 0x00007ffa1f261000 	C:\Windows\System32\IMM32.DLL
0x00007ffa186e0000 - 0x00007ffa186ec000 	C:\Users\Flute\Downloads\openjdk-17.0.2_windows-x64_bin\jdk-17.0.2\bin\vcruntime140_1.dll
0x00007ffa03a30000 - 0x00007ffa03abd000 	C:\Users\Flute\Downloads\openjdk-17.0.2_windows-x64_bin\jdk-17.0.2\bin\msvcp140.dll
0x00007ff9c8530000 - 0x00007ff9c90f1000 	C:\Users\Flute\Downloads\openjdk-17.0.2_windows-x64_bin\jdk-17.0.2\bin\server\jvm.dll
0x00007ffa1f6a0000 - 0x00007ffa1f752000 	C:\Windows\System32\ADVAPI32.dll
0x00007ffa1f270000 - 0x00007ffa1f318000 	C:\Windows\System32\sechost.dll
0x00007ffa1d960000 - 0x00007ffa1d988000 	C:\Windows\System32\bcrypt.dll
0x00007ffa1f9e0000 - 0x00007ffa1faf4000 	C:\Windows\System32\RPCRT4.dll
0x00007ffa1fb00000 - 0x00007ffa1fb08000 	C:\Windows\System32\PSAPI.DLL
0x00007ffa15b70000 - 0x00007ffa15ba4000 	C:\Windows\SYSTEM32\WINMM.dll
0x00007ffa02ae0000 - 0x00007ffa02aea000 	C:\Windows\SYSTEM32\VERSION.dll
0x00007ff9f1df0000 - 0x00007ff9f1df9000 	C:\Windows\SYSTEM32\WSOCK32.dll
0x00007ffa1eca0000 - 0x00007ffa1ed11000 	C:\Windows\System32\WS2_32.dll
0x00007ffa1c490000 - 0x00007ffa1c4a8000 	C:\Windows\SYSTEM32\kernel.appcore.dll
0x00007ffa18680000 - 0x00007ffa1868a000 	C:\Users\Flute\Downloads\openjdk-17.0.2_windows-x64_bin\jdk-17.0.2\bin\jimage.dll
0x00007ffa1a780000 - 0x00007ffa1a9b2000 	C:\Windows\SYSTEM32\DBGHELP.DLL
0x00007ffa1fcd0000 - 0x00007ffa2005e000 	C:\Windows\System32\combase.dll
0x00007ffa1dfb0000 - 0x00007ffa1e087000 	C:\Windows\System32\OLEAUT32.dll
0x00007ffa03d40000 - 0x00007ffa03d72000 	C:\Windows\SYSTEM32\dbgcore.DLL
0x00007ffa1dc90000 - 0x00007ffa1dd0b000 	C:\Windows\System32\bcryptPrimitives.dll
0x00007ffa069c0000 - 0x00007ffa069ce000 	C:\Users\Flute\Downloads\openjdk-17.0.2_windows-x64_bin\jdk-17.0.2\bin\instrument.dll
0x00007ffa04eb0000 - 0x00007ffa04ed5000 	C:\Users\Flute\Downloads\openjdk-17.0.2_windows-x64_bin\jdk-17.0.2\bin\java.dll
0x00007ff9f1a40000 - 0x00007ff9f1b16000 	C:\Users\Flute\Downloads\openjdk-17.0.2_windows-x64_bin\jdk-17.0.2\bin\jsvml.dll
0x00007ffa1e090000 - 0x00007ffa1e8f9000 	C:\Windows\System32\SHELL32.dll
0x00007ffa1b380000 - 0x00007ffa1bc7f000 	C:\Windows\SYSTEM32\windows.storage.dll
0x00007ffa1b240000 - 0x00007ffa1b37f000 	C:\Windows\SYSTEM32\wintypes.dll
0x00007ffa1f7d0000 - 0x00007ffa1f8c9000 	C:\Windows\System32\SHCORE.dll
0x00007ffa1ec40000 - 0x00007ffa1ec9e000 	C:\Windows\System32\shlwapi.dll
0x00007ffa1d390000 - 0x00007ffa1d3b7000 	C:\Windows\SYSTEM32\profapi.dll
0x00007ffa054f0000 - 0x00007ffa05508000 	C:\Users\Flute\Downloads\openjdk-17.0.2_windows-x64_bin\jdk-17.0.2\bin\zip.dll
0x00007ffa06080000 - 0x00007ffa06099000 	C:\Users\Flute\Downloads\openjdk-17.0.2_windows-x64_bin\jdk-17.0.2\bin\net.dll
0x00007ffa18970000 - 0x00007ffa18aa6000 	C:\Windows\SYSTEM32\WINHTTP.dll
0x00007ffa1c920000 - 0x00007ffa1c989000 	C:\Windows\system32\mswsock.dll
0x00007ffa06040000 - 0x00007ffa06056000 	C:\Users\Flute\Downloads\openjdk-17.0.2_windows-x64_bin\jdk-17.0.2\bin\nio.dll
0x00007ffa15e40000 - 0x00007ffa15e50000 	C:\Users\Flute\Downloads\openjdk-17.0.2_windows-x64_bin\jdk-17.0.2\bin\verify.dll
0x00007ffa04910000 - 0x00007ffa04937000 	C:\Users\Flute\.gradle\native\68d5fa5c4cc2d200863cafc0d521ce42e7d3e7ee720ec0a83991735586a16f82\windows-amd64\native-platform.dll
0x00007ff9ef8a0000 - 0x00007ff9ef9e4000 	C:\Users\Flute\.gradle\native\e376f236ea51e6404a007f0833ffe2c6e607c4080706a723a18a27aeea778392\windows-amd64\native-platform-file-events.dll
0x00007ffa15940000 - 0x00007ffa15949000 	C:\Users\Flute\Downloads\openjdk-17.0.2_windows-x64_bin\jdk-17.0.2\bin\management.dll
0x00007ffa12bc0000 - 0x00007ffa12bcb000 	C:\Users\Flute\Downloads\openjdk-17.0.2_windows-x64_bin\jdk-17.0.2\bin\management_ext.dll
0x00007ffa1cb80000 - 0x00007ffa1cb9b000 	C:\Windows\SYSTEM32\CRYPTSP.dll
0x00007ffa1c3e0000 - 0x00007ffa1c415000 	C:\Windows\system32\rsaenh.dll
0x00007ffa1ca10000 - 0x00007ffa1ca38000 	C:\Windows\SYSTEM32\USERENV.dll
0x00007ffa1cb70000 - 0x00007ffa1cb7c000 	C:\Windows\SYSTEM32\CRYPTBASE.dll
0x00007ffa1bf20000 - 0x00007ffa1bf4d000 	C:\Windows\SYSTEM32\IPHLPAPI.DLL
0x00007ffa1e900000 - 0x00007ffa1e909000 	C:\Windows\System32\NSI.dll
0x00007ffa15ed0000 - 0x00007ffa15ee9000 	C:\Windows\SYSTEM32\dhcpcsvc6.DLL
0x00007ffa15eb0000 - 0x00007ffa15ecf000 	C:\Windows\SYSTEM32\dhcpcsvc.DLL
0x00007ffa1bfa0000 - 0x00007ffa1c0a2000 	C:\Windows\SYSTEM32\DNSAPI.dll
0x00007ffa060e0000 - 0x00007ffa060ee000 	C:\Users\Flute\Downloads\openjdk-17.0.2_windows-x64_bin\jdk-17.0.2\bin\sunmscapi.dll
0x00007ffa1dd10000 - 0x00007ffa1de76000 	C:\Windows\System32\CRYPT32.dll
0x00007ffa1cd30000 - 0x00007ffa1cd5d000 	C:\Windows\SYSTEM32\ncrypt.dll
0x00007ffa1ccf0000 - 0x00007ffa1cd27000 	C:\Windows\SYSTEM32\NTASN1.dll
0x00007ff9ed060000 - 0x00007ff9ed068000 	C:\Windows\system32\wshunix.dll
0x00007ffa18480000 - 0x00007ffa1848a000 	C:\Windows\System32\rasadhlp.dll
0x00007ffa10bf0000 - 0x00007ffa10c73000 	C:\Windows\System32\fwpuclnt.dll
0x00007ff9e9e60000 - 0x00007ff9e9e77000 	C:\Windows\system32\napinsp.dll
0x00007ff9e9e80000 - 0x00007ff9e9e9b000 	C:\Windows\system32\pnrpnsp.dll
0x00007ff9e9d90000 - 0x00007ff9e9da1000 	C:\Windows\System32\winrnr.dll
0x00007ffa15aa0000 - 0x00007ffa15ab5000 	C:\Windows\system32\wshbth.dll
0x00007ff9e9db0000 - 0x00007ff9e9dd7000 	C:\Windows\system32\nlansp_c.dll
0x00007ffa1c5c0000 - 0x00007ffa1c5f4000 	C:\Windows\SYSTEM32\ntmarta.dll

dbghelp: loaded successfully - version: 4.0.5 - missing functions: none
symbol engine: initialized successfully - sym options: 0x614 - pdb path: .;C:\Users\Flute\Downloads\openjdk-17.0.2_windows-x64_bin\jdk-17.0.2\bin;C:\Windows\SYSTEM32;C:\Windows\WinSxS\amd64_microsoft.windows.common-controls_6595b64144ccf1df_6.0.22621.3672_none_2713b9d173822955;C:\Users\Flute\Downloads\openjdk-17.0.2_windows-x64_bin\jdk-17.0.2\bin\server;C:\Users\Flute\.gradle\native\68d5fa5c4cc2d200863cafc0d521ce42e7d3e7ee720ec0a83991735586a16f82\windows-amd64;C:\Users\Flute\.gradle\native\e376f236ea51e6404a007f0833ffe2c6e607c4080706a723a18a27aeea778392\windows-amd64

VM Arguments:
jvm_args: --add-opens=java.base/java.util=ALL-UNNAMED --add-opens=java.base/java.lang=ALL-UNNAMED --add-opens=java.base/java.lang.invoke=ALL-UNNAMED --add-opens=java.prefs/java.util.prefs=ALL-UNNAMED --add-opens=java.base/java.nio.charset=ALL-UNNAMED --add-opens=java.base/java.net=ALL-UNNAMED --add-opens=java.base/java.util.concurrent.atomic=ALL-UNNAMED -Xmx4536m -Dfile.encoding=windows-1252 -Duser.country=US -Duser.language=en -Duser.variant -javaagent:C:\Users\Flute\.gradle\wrapper\dists\gradle-8.2-bin\bbg7u40eoinfdyxsxr3z4i7ta\gradle-8.2\lib\agents\gradle-instrumentation-agent-8.2.jar 
java_command: org.gradle.launcher.daemon.bootstrap.GradleDaemon 8.2
java_class_path (initial): C:\Users\Flute\.gradle\wrapper\dists\gradle-8.2-bin\bbg7u40eoinfdyxsxr3z4i7ta\gradle-8.2\lib\gradle-launcher-8.2.jar
Launcher Type: SUN_STANDARD

[Global flags]
     intx CICompilerCount                          = 4                                         {product} {ergonomic}
     uint ConcGCThreads                            = 3                                         {product} {ergonomic}
     uint G1ConcRefinementThreads                  = 10                                        {product} {ergonomic}
   size_t G1HeapRegionSize                         = 4194304                                   {product} {ergonomic}
    uintx GCDrainStackTargetSize                   = 64                                        {product} {ergonomic}
   size_t InitialHeapSize                          = 264241152                                 {product} {ergonomic}
   size_t MarkStackSize                            = 4194304                                   {product} {ergonomic}
   size_t MaxHeapSize                              = 4756340736                                {product} {command line}
   size_t MaxNewSize                               = 2852126720                                {product} {ergonomic}
   size_t MinHeapDeltaBytes                        = 4194304                                   {product} {ergonomic}
   size_t MinHeapSize                              = 8388608                                   {product} {ergonomic}
    uintx NonNMethodCodeHeapSize                   = 5839372                                {pd product} {ergonomic}
    uintx NonProfiledCodeHeapSize                  = 122909434                              {pd product} {ergonomic}
    uintx ProfiledCodeHeapSize                     = 122909434                              {pd product} {ergonomic}
    uintx ReservedCodeCacheSize                    = 251658240                              {pd product} {ergonomic}
     bool SegmentedCodeCache                       = true                                      {product} {ergonomic}
   size_t SoftMaxHeapSize                          = 4756340736                             {manageable} {ergonomic}
     bool UseCompressedClassPointers               = true                           {product lp64_product} {ergonomic}
     bool UseCompressedOops                        = true                           {product lp64_product} {ergonomic}
     bool UseG1GC                                  = true                                      {product} {ergonomic}
     bool UseLargePagesIndividualAllocation        = false                                  {pd product} {ergonomic}

Logging:
Log output configuration:
 #0: stdout all=warning uptime,level,tags
 #1: stderr all=off uptime,level,tags

Environment Variables:
JAVA_HOME=C:/Users/Flute/Downloads/openjdk-17.0.2_windows-x64_bin/jdk-17.0.2
CLASSPATH=C:\Users\Flute\Desktop\bitcamp\cosmic-fishing\android\build\\gradle\wrapper\gradle-wrapper.jar
PATH=C:\Windows\system32;C:\Windows;C:\Windows\System32\Wbem;C:\Windows\System32\WindowsPowerShell\v1.0\;C:\Windows\System32\OpenSSH\;C:\ProgramData\chocolatey\bin;C:\Program Files\Git\cmd;C:\Program Files\Docker\Docker\resources\bin;C:\Program Files\nodejs\;C:\Users\Flute\AppData\Local\Programs\Python\Launcher\;C:\Users\Flute\AppData\Local\Microsoft\WindowsApps;C:\Users\Flute\Desktop\flutter\bin;C:\Users\Flute\AppData\Local\Microsoft\WinGet\Packages\Schniz.fnm_Microsoft.Winget.Source_8wekyb3d8bbwe;C:\Users\Flute\AppData\Roaming\npm;C:\ghcup\bin;C:\Users\Flute\AppData\Local\GitHubDesktop\bin;C:\Users\Flute\AppData\Local\Programs\VSCodium\bin
USERNAME=Flute
OS=Windows_NT
PROCESSOR_IDENTIFIER=Intel64 Family 6 Model 186 Stepping 3, GenuineIntel



---------------  S Y S T E M  ---------------

OS:
 Windows 11 , 64 bit Build 22621 (10.0.22621.3958)
OS uptime: 5 days 19:04 hours
Hyper-V role detected

CPU: total 12 (initial active 12) (6 cores per cpu, 2 threads per core) family 6 model 186 stepping 3 microcode 0x4114, cx8, cmov, fxsr, ht, mmx, 3dnowpref, sse, sse2, sse3, ssse3, sse4.1, sse4.2, popcnt, lzcnt, tsc, tscinvbit, avx, avx2, aes, erms, clmul, bmi1, bmi2, adx, sha, fma, vzeroupper, clflush, clflushopt, clwb, hv

Memory: 4k page, system-wide physical 16108M (1211M free)
TotalPageFile size 35288M (AvailPageFile size 102M)
current process WorkingSet (physical memory assigned to process): 830M, peak: 840M
current process commit charge ("private bytes"): 873M, peak: 1333M

vm_info: OpenJDK 64-Bit Server VM (17.0.2+8-86) for windows-amd64 JRE (17.0.2+8-86), built on Dec  7 2021 21:49:10 by "mach5one" with MS VC++ 16.8 / 16.9 (VS2019)

END.
